<?xml version="1.0" encoding="UTF-8"?>
<coverage generated="1722761842207" clover="3.2.0">
  <project timestamp="1722761842207" name="All files">
    <metrics statements="618" coveredstatements="541" conditionals="149" coveredconditionals="137" methods="121" coveredmethods="91" elements="888" coveredelements="769" complexity="0" loc="618" ncloc="618" packages="16" files="33" classes="33"/>
    <package name="lib">
      <metrics statements="7" coveredstatements="7" conditionals="2" coveredconditionals="2" methods="1" coveredmethods="1"/>
      <file name="arrayFromAsync.ts" path="/home/acathey/devel/mycode/js/by-engine/node/unnamedIteratorLibrary/src/lib/arrayFromAsync.ts">
        <metrics statements="7" coveredstatements="7" conditionals="2" coveredconditionals="2" methods="1" coveredmethods="1"/>
        <line num="1" count="2" type="cond" truecount="1" falsecount="0"/>
        <line num="2" count="2" type="stmt"/>
        <line num="3" count="2" type="cond" truecount="1" falsecount="0"/>
        <line num="4" count="15" type="stmt"/>
        <line num="5" count="15" type="stmt"/>
        <line num="6" count="2" type="stmt"/>
        <line num="7" count="2" type="stmt"/>
      </file>
    </package>
    <package name="lib.test">
      <metrics statements="44" coveredstatements="41" conditionals="11" coveredconditionals="10" methods="8" coveredmethods="8"/>
      <file name="TestObjects.ts" path="/home/acathey/devel/mycode/js/by-engine/node/unnamedIteratorLibrary/src/lib/test/TestObjects.ts">
        <metrics statements="44" coveredstatements="41" conditionals="11" coveredconditionals="10" methods="8" coveredmethods="8"/>
        <line num="1" count="1" type="stmt"/>
        <line num="2" count="1" type="stmt"/>
        <line num="4" count="8" type="cond" truecount="1" falsecount="0"/>
        <line num="5" count="8" type="stmt"/>
        <line num="6" count="8" type="stmt"/>
        <line num="8" count="8" type="cond" truecount="1" falsecount="0"/>
        <line num="9" count="80" type="stmt"/>
        <line num="10" count="80" type="stmt"/>
        <line num="11" count="8" type="cond" truecount="1" falsecount="0"/>
        <line num="12" count="8" type="stmt"/>
        <line num="13" count="8" type="stmt"/>
        <line num="14" count="8" type="stmt"/>
        <line num="16" count="1" type="cond" truecount="1" falsecount="0"/>
        <line num="17" count="1" type="stmt"/>
        <line num="18" count="1" type="stmt"/>
        <line num="20" count="10" type="cond" truecount="1" falsecount="0"/>
        <line num="21" count="10" type="cond" truecount="0" falsecount="1"/>
        <line num="22" count="0" type="stmt"/>
        <line num="23" count="0" type="stmt"/>
        <line num="24" count="0" type="stmt"/>
        <line num="26" count="31" type="cond" truecount="1" falsecount="0"/>
        <line num="27" count="31" type="stmt"/>
        <line num="28" count="31" type="stmt"/>
        <line num="30" count="40" type="cond" truecount="1" falsecount="0"/>
        <line num="31" count="40" type="stmt"/>
        <line num="32" count="40" type="stmt"/>
        <line num="33" count="40" type="cond" truecount="1" falsecount="0"/>
        <line num="34" count="40" type="stmt"/>
        <line num="35" count="40" type="stmt"/>
        <line num="37" count="82" type="cond" truecount="1" falsecount="0"/>
        <line num="38" count="82" type="stmt"/>
        <line num="39" count="82" type="stmt"/>
        <line num="40" count="82" type="cond" truecount="1" falsecount="0"/>
        <line num="41" count="82" type="stmt"/>
        <line num="42" count="82" type="stmt"/>
        <line num="44" count="1" type="stmt"/>
        <line num="45" count="1" type="stmt"/>
        <line num="46" count="1" type="stmt"/>
        <line num="47" count="1" type="stmt"/>
        <line num="48" count="1" type="stmt"/>
        <line num="49" count="1" type="stmt"/>
        <line num="50" count="1" type="stmt"/>
        <line num="51" count="1" type="stmt"/>
        <line num="53" count="1" type="stmt"/>
      </file>
    </package>
    <package name="main">
      <metrics statements="1" coveredstatements="0" conditionals="1" coveredconditionals="0" methods="1" coveredmethods="0"/>
      <file name="index.ts" path="/home/acathey/devel/mycode/js/by-engine/node/unnamedIteratorLibrary/src/main/index.ts">
        <metrics statements="1" coveredstatements="0" conditionals="1" coveredconditionals="0" methods="1" coveredmethods="0"/>
        <line num="1" count="0" type="cond" truecount="0" falsecount="1"/>
      </file>
    </package>
    <package name="main.arrays">
      <metrics statements="4" coveredstatements="4" conditionals="1" coveredconditionals="1" methods="1" coveredmethods="1"/>
      <file name="awrap.ts" path="/home/acathey/devel/mycode/js/by-engine/node/unnamedIteratorLibrary/src/main/arrays/awrap.ts">
        <metrics statements="4" coveredstatements="4" conditionals="1" coveredconditionals="1" methods="1" coveredmethods="1"/>
        <line num="1" count="1" type="stmt"/>
        <line num="3" count="1" type="cond" truecount="1" falsecount="0"/>
        <line num="4" count="6" type="stmt"/>
        <line num="5" count="6" type="stmt"/>
      </file>
    </package>
    <package name="main.arrays.classes">
      <metrics statements="71" coveredstatements="69" conditionals="23" coveredconditionals="23" methods="17" coveredmethods="16"/>
      <file name="WrappedArray.ts" path="/home/acathey/devel/mycode/js/by-engine/node/unnamedIteratorLibrary/src/main/arrays/classes/WrappedArray.ts">
        <metrics statements="71" coveredstatements="69" conditionals="23" coveredconditionals="23" methods="17" coveredmethods="16"/>
        <line num="1" count="1" type="stmt"/>
        <line num="2" count="1" type="stmt"/>
        <line num="3" count="1" type="stmt"/>
        <line num="4" count="1" type="stmt"/>
        <line num="8" count="1" type="stmt"/>
        <line num="11" count="1" type="cond" truecount="1" falsecount="0"/>
        <line num="12" count="6" type="stmt"/>
        <line num="13" count="6" type="stmt"/>
        <line num="14" count="6" type="stmt"/>
        <line num="15" count="6" type="stmt"/>
        <line num="16" count="6" type="stmt"/>
        <line num="17" count="6" type="stmt"/>
        <line num="18" count="6" type="stmt"/>
        <line num="20" count="1" type="cond" truecount="1" falsecount="0"/>
        <line num="21" count="39" type="stmt"/>
        <line num="22" count="39" type="stmt"/>
        <line num="23" count="1" type="cond" truecount="1" falsecount="0"/>
        <line num="24" count="58" type="stmt"/>
        <line num="25" count="58" type="stmt"/>
        <line num="26" count="1" type="cond" truecount="1" falsecount="0"/>
        <line num="27" count="15" type="stmt"/>
        <line num="28" count="15" type="stmt"/>
        <line num="29" count="1" type="cond" truecount="1" falsecount="0"/>
        <line num="30" count="12" type="cond" truecount="2" falsecount="0"/>
        <line num="31" count="12" type="stmt"/>
        <line num="33" count="1" type="stmt"/>
        <line num="34" count="0" type="stmt"/>
        <line num="35" count="0" type="stmt"/>
        <line num="37" count="1" type="cond" truecount="1" falsecount="0"/>
        <line num="38" count="1" type="stmt"/>
        <line num="39" count="1" type="stmt"/>
        <line num="43" count="1" type="cond" truecount="1" falsecount="0"/>
        <line num="44" count="4" type="cond" truecount="2" falsecount="0"/>
        <line num="45" count="4" type="stmt"/>
        <line num="47" count="1" type="cond" truecount="1" falsecount="0"/>
        <line num="48" count="7" type="stmt"/>
        <line num="49" count="7" type="cond" truecount="2" falsecount="0"/>
        <line num="50" count="1" type="cond" truecount="1" falsecount="0"/>
        <line num="51" count="6" type="stmt"/>
        <line num="52" count="7" type="stmt"/>
        <line num="54" count="1" type="cond" truecount="1" falsecount="0"/>
        <line num="55" count="1" type="stmt"/>
        <line num="56" count="1" type="stmt"/>
        <line num="57" count="1" type="stmt"/>
        <line num="59" count="1" type="cond" truecount="1" falsecount="0"/>
        <line num="60" count="2" type="stmt"/>
        <line num="61" count="2" type="stmt"/>
        <line num="63" count="1" type="cond" truecount="1" falsecount="0"/>
        <line num="64" count="2" type="stmt"/>
        <line num="65" count="2" type="stmt"/>
        <line num="70" count="1" type="cond" truecount="1" falsecount="0"/>
        <line num="71" count="2" type="stmt"/>
        <line num="72" count="2" type="stmt"/>
        <line num="73" count="2" type="stmt"/>
        <line num="75" count="1" type="cond" truecount="1" falsecount="0"/>
        <line num="76" count="1" type="stmt"/>
        <line num="77" count="1" type="stmt"/>
        <line num="78" count="1" type="stmt"/>
        <line num="79" count="1" type="stmt"/>
        <line num="81" count="1" type="cond" truecount="1" falsecount="0"/>
        <line num="82" count="4" type="stmt"/>
        <line num="83" count="4" type="stmt"/>
        <line num="84" count="4" type="stmt"/>
        <line num="86" count="1" type="cond" truecount="1" falsecount="0"/>
        <line num="87" count="4" type="stmt"/>
        <line num="88" count="4" type="stmt"/>
        <line num="89" count="4" type="stmt"/>
        <line num="91" count="1" type="cond" truecount="1" falsecount="0"/>
        <line num="92" count="4" type="stmt"/>
        <line num="93" count="4" type="stmt"/>
        <line num="94" count="1" type="stmt"/>
      </file>
    </package>
    <package name="main.arrays.operations">
      <metrics statements="42" coveredstatements="42" conditionals="11" coveredconditionals="9" methods="5" coveredmethods="5"/>
      <file name="asyncArrayFilter.ts" path="/home/acathey/devel/mycode/js/by-engine/node/unnamedIteratorLibrary/src/main/arrays/operations/asyncArrayFilter.ts">
        <metrics statements="12" coveredstatements="12" conditionals="3" coveredconditionals="3" methods="1" coveredmethods="1"/>
        <line num="1" count="1" type="stmt"/>
        <line num="4" count="6" type="cond" truecount="1" falsecount="0"/>
        <line num="5" count="6" type="stmt"/>
        <line num="7" count="6" type="stmt"/>
        <line num="9" count="6" type="cond" truecount="1" falsecount="0"/>
        <line num="10" count="60" type="stmt"/>
        <line num="11" count="60" type="cond" truecount="1" falsecount="0"/>
        <line num="12" count="35" type="stmt"/>
        <line num="13" count="35" type="stmt"/>
        <line num="14" count="60" type="stmt"/>
        <line num="16" count="6" type="stmt"/>
        <line num="17" count="1" type="stmt"/>
      </file>
      <file name="asyncArrayForEach.ts" path="/home/acathey/devel/mycode/js/by-engine/node/unnamedIteratorLibrary/src/main/arrays/operations/asyncArrayForEach.ts">
        <metrics statements="7" coveredstatements="7" conditionals="2" coveredconditionals="2" methods="1" coveredmethods="1"/>
        <line num="1" count="1" type="stmt"/>
        <line num="4" count="2" type="cond" truecount="1" falsecount="0"/>
        <line num="5" count="2" type="stmt"/>
        <line num="7" count="2" type="cond" truecount="1" falsecount="0"/>
        <line num="8" count="20" type="stmt"/>
        <line num="9" count="20" type="stmt"/>
        <line num="10" count="1" type="stmt"/>
      </file>
      <file name="asyncArrayMap.ts" path="/home/acathey/devel/mycode/js/by-engine/node/unnamedIteratorLibrary/src/main/arrays/operations/asyncArrayMap.ts">
        <metrics statements="7" coveredstatements="7" conditionals="1" coveredconditionals="1" methods="1" coveredmethods="1"/>
        <line num="4" count="5" type="cond" truecount="1" falsecount="0"/>
        <line num="5" count="5" type="stmt"/>
        <line num="6" count="5" type="stmt"/>
        <line num="7" count="5" type="stmt"/>
        <line num="8" count="5" type="stmt"/>
        <line num="9" count="5" type="stmt"/>
        <line num="10" count="5" type="stmt"/>
      </file>
      <file name="asyncArrayReduce.ts" path="/home/acathey/devel/mycode/js/by-engine/node/unnamedIteratorLibrary/src/main/arrays/operations/asyncArrayReduce.ts">
        <metrics statements="16" coveredstatements="16" conditionals="5" coveredconditionals="3" methods="2" coveredmethods="2"/>
        <line num="7" count="5" type="cond" truecount="1" falsecount="0"/>
        <line num="8" count="5" type="stmt"/>
        <line num="9" count="5" type="stmt"/>
        <line num="11" count="5" type="stmt"/>
        <line num="12" count="5" type="stmt"/>
        <line num="13" count="5" type="cond" truecount="0" falsecount="1"/>
        <line num="14" count="5" type="cond" truecount="0" falsecount="1"/>
        <line num="16" count="5" type="stmt"/>
        <line num="18" count="5" type="cond" truecount="1" falsecount="0"/>
        <line num="19" count="5" type="stmt"/>
        <line num="20" count="5" type="cond" truecount="1" falsecount="0"/>
        <line num="21" count="30" type="stmt"/>
        <line num="22" count="30" type="stmt"/>
        <line num="23" count="5" type="stmt"/>
        <line num="24" count="5" type="stmt"/>
        <line num="25" count="5" type="stmt"/>
      </file>
    </package>
    <package name="main.arrays.types">
      <metrics statements="0" coveredstatements="0" conditionals="1" coveredconditionals="1" methods="1" coveredmethods="1"/>
      <file name="index.ts" path="/home/acathey/devel/mycode/js/by-engine/node/unnamedIteratorLibrary/src/main/arrays/types/index.ts">
        <metrics statements="0" coveredstatements="0" conditionals="1" coveredconditionals="1" methods="1" coveredmethods="1"/>
      </file>
    </package>
    <package name="main.generators">
      <metrics statements="35" coveredstatements="33" conditionals="13" coveredconditionals="12" methods="2" coveredmethods="2"/>
      <file name="range.ts" path="/home/acathey/devel/mycode/js/by-engine/node/unnamedIteratorLibrary/src/main/generators/range.ts">
        <metrics statements="35" coveredstatements="33" conditionals="13" coveredconditionals="12" methods="2" coveredmethods="2"/>
        <line num="1" count="24" type="cond" truecount="1" falsecount="0"/>
        <line num="2" count="24" type="stmt"/>
        <line num="3" count="24" type="stmt"/>
        <line num="5" count="24" type="cond" truecount="1" falsecount="0"/>
        <line num="6" count="16" type="cond" truecount="1" falsecount="0"/>
        <line num="7" count="120" type="stmt"/>
        <line num="8" count="120" type="stmt"/>
        <line num="9" count="16" type="stmt"/>
        <line num="10" count="24" type="stmt"/>
        <line num="20" count="17" type="cond" truecount="1" falsecount="0"/>
        <line num="21" count="17" type="stmt"/>
        <line num="23" count="17" type="cond" truecount="1" falsecount="0"/>
        <line num="24" count="10" type="cond" truecount="1" falsecount="0"/>
        <line num="25" count="6" type="stmt"/>
        <line num="26" count="6" type="stmt"/>
        <line num="27" count="6" type="cond" truecount="1" falsecount="0"/>
        <line num="28" count="10" type="cond" truecount="1" falsecount="0"/>
        <line num="29" count="4" type="stmt"/>
        <line num="30" count="4" type="stmt"/>
        <line num="31" count="4" type="stmt"/>
        <line num="32" count="4" type="stmt"/>
        <line num="33" count="17" type="cond" truecount="2" falsecount="0"/>
        <line num="34" count="5" type="stmt"/>
        <line num="35" count="5" type="stmt"/>
        <line num="36" count="5" type="cond" truecount="1" falsecount="0"/>
        <line num="37" count="7" type="cond" truecount="1" falsecount="0"/>
        <line num="38" count="2" type="stmt"/>
        <line num="39" count="2" type="stmt"/>
        <line num="40" count="2" type="stmt"/>
        <line num="41" count="2" type="stmt"/>
        <line num="43" count="17" type="cond" truecount="0" falsecount="1"/>
        <line num="44" count="0" type="stmt"/>
        <line num="45" count="0" type="stmt"/>
        <line num="47" count="17" type="stmt"/>
        <line num="48" count="17" type="stmt"/>
      </file>
    </package>
    <package name="main.iterators">
      <metrics statements="7" coveredstatements="7" conditionals="1" coveredconditionals="1" methods="1" coveredmethods="1"/>
      <file name="iwrap.ts" path="/home/acathey/devel/mycode/js/by-engine/node/unnamedIteratorLibrary/src/main/iterators/iwrap.ts">
        <metrics statements="7" coveredstatements="7" conditionals="1" coveredconditionals="1" methods="1" coveredmethods="1"/>
        <line num="1" count="1" type="stmt"/>
        <line num="3" count="1" type="stmt"/>
        <line num="4" count="1" type="cond" truecount="1" falsecount="0"/>
        <line num="5" count="12" type="stmt"/>
        <line num="6" count="12" type="stmt"/>
        <line num="7" count="1" type="stmt"/>
        <line num="8" count="1" type="stmt"/>
      </file>
    </package>
    <package name="main.iterators.classes">
      <metrics statements="169" coveredstatements="115" conditionals="20" coveredconditionals="19" methods="42" coveredmethods="19"/>
      <file name="WrappedAsyncIterator.ts" path="/home/acathey/devel/mycode/js/by-engine/node/unnamedIteratorLibrary/src/main/iterators/classes/WrappedAsyncIterator.ts">
        <metrics statements="60" coveredstatements="31" conditionals="3" coveredconditionals="3" methods="15" coveredmethods="3"/>
        <line num="1" count="1" type="stmt"/>
        <line num="3" count="1" type="stmt"/>
        <line num="4" count="1" type="stmt"/>
        <line num="5" count="1" type="stmt"/>
        <line num="6" count="1" type="stmt"/>
        <line num="7" count="1" type="stmt"/>
        <line num="10" count="1" type="stmt"/>
        <line num="12" count="1" type="stmt"/>
        <line num="13" count="1" type="stmt"/>
        <line num="15" count="1" type="stmt"/>
        <line num="16" count="1" type="cond" truecount="1" falsecount="0"/>
        <line num="17" count="1" type="stmt"/>
        <line num="18" count="1" type="stmt"/>
        <line num="20" count="1" type="stmt"/>
        <line num="21" count="0" type="stmt"/>
        <line num="22" count="0" type="stmt"/>
        <line num="24" count="1" type="stmt"/>
        <line num="25" count="0" type="stmt"/>
        <line num="26" count="0" type="stmt"/>
        <line num="28" count="1" type="stmt"/>
        <line num="29" count="0" type="stmt"/>
        <line num="30" count="0" type="stmt"/>
        <line num="32" count="1" type="cond" truecount="1" falsecount="0"/>
        <line num="33" count="1" type="stmt"/>
        <line num="34" count="1" type="stmt"/>
        <line num="36" count="1" type="stmt"/>
        <line num="37" count="0" type="stmt"/>
        <line num="38" count="0" type="stmt"/>
        <line num="40" count="1" type="stmt"/>
        <line num="41" count="0" type="stmt"/>
        <line num="42" count="0" type="stmt"/>
        <line num="43" count="0" type="stmt"/>
        <line num="45" count="1" type="stmt"/>
        <line num="46" count="0" type="stmt"/>
        <line num="47" count="0" type="stmt"/>
        <line num="49" count="1" type="stmt"/>
        <line num="50" count="0" type="stmt"/>
        <line num="51" count="0" type="stmt"/>
        <line num="53" count="1" type="stmt"/>
        <line num="54" count="0" type="stmt"/>
        <line num="55" count="0" type="stmt"/>
        <line num="57" count="1" type="stmt"/>
        <line num="58" count="0" type="stmt"/>
        <line num="59" count="0" type="stmt"/>
        <line num="61" count="1" type="stmt"/>
        <line num="62" count="0" type="stmt"/>
        <line num="63" count="0" type="stmt"/>
        <line num="65" count="1" type="stmt"/>
        <line num="66" count="0" type="stmt"/>
        <line num="67" count="0" type="stmt"/>
        <line num="69" count="1" type="stmt"/>
        <line num="70" count="0" type="stmt"/>
        <line num="71" count="0" type="stmt"/>
        <line num="72" count="0" type="stmt"/>
        <line num="73" count="0" type="stmt"/>
        <line num="75" count="1" type="stmt"/>
        <line num="76" count="0" type="stmt"/>
        <line num="77" count="0" type="stmt"/>
        <line num="80" count="1" type="cond" truecount="1" falsecount="0"/>
        <line num="81" count="1" type="stmt"/>
      </file>
      <file name="WrappedIterator.ts" path="/home/acathey/devel/mycode/js/by-engine/node/unnamedIteratorLibrary/src/main/iterators/classes/WrappedIterator.ts">
        <metrics statements="75" coveredstatements="50" conditionals="7" coveredconditionals="7" methods="18" coveredmethods="7"/>
        <line num="1" count="1" type="stmt"/>
        <line num="3" count="1" type="stmt"/>
        <line num="4" count="1" type="stmt"/>
        <line num="5" count="1" type="stmt"/>
        <line num="6" count="1" type="stmt"/>
        <line num="7" count="1" type="stmt"/>
        <line num="9" count="1" type="stmt"/>
        <line num="10" count="1" type="stmt"/>
        <line num="11" count="1" type="stmt"/>
        <line num="15" count="1" type="stmt"/>
        <line num="16" count="1" type="stmt"/>
        <line num="18" count="1" type="stmt"/>
        <line num="19" count="1" type="stmt"/>
        <line num="21" count="1" type="stmt"/>
        <line num="22" count="1" type="cond" truecount="1" falsecount="0"/>
        <line num="23" count="31" type="stmt"/>
        <line num="24" count="31" type="stmt"/>
        <line num="26" count="1" type="cond" truecount="1" falsecount="0"/>
        <line num="27" count="1" type="stmt"/>
        <line num="28" count="1" type="stmt"/>
        <line num="30" count="1" type="cond" truecount="1" falsecount="0"/>
        <line num="31" count="4" type="stmt"/>
        <line num="32" count="4" type="stmt"/>
        <line num="34" count="1" type="cond" truecount="1" falsecount="0"/>
        <line num="35" count="8" type="stmt"/>
        <line num="36" count="8" type="stmt"/>
        <line num="38" count="1" type="stmt"/>
        <line num="39" count="0" type="stmt"/>
        <line num="40" count="0" type="stmt"/>
        <line num="42" count="1" type="cond" truecount="1" falsecount="0"/>
        <line num="43" count="1" type="stmt"/>
        <line num="44" count="1" type="stmt"/>
        <line num="46" count="1" type="stmt"/>
        <line num="47" count="0" type="stmt"/>
        <line num="48" count="0" type="stmt"/>
        <line num="49" count="0" type="stmt"/>
        <line num="51" count="1" type="stmt"/>
        <line num="52" count="0" type="stmt"/>
        <line num="53" count="0" type="stmt"/>
        <line num="55" count="1" type="stmt"/>
        <line num="56" count="0" type="stmt"/>
        <line num="57" count="0" type="stmt"/>
        <line num="59" count="1" type="stmt"/>
        <line num="60" count="0" type="stmt"/>
        <line num="61" count="0" type="stmt"/>
        <line num="63" count="1" type="stmt"/>
        <line num="64" count="0" type="stmt"/>
        <line num="65" count="0" type="stmt"/>
        <line num="67" count="1" type="stmt"/>
        <line num="68" count="0" type="stmt"/>
        <line num="69" count="0" type="stmt"/>
        <line num="71" count="1" type="stmt"/>
        <line num="72" count="0" type="stmt"/>
        <line num="73" count="0" type="stmt"/>
        <line num="75" count="1" type="stmt"/>
        <line num="76" count="0" type="stmt"/>
        <line num="77" count="0" type="stmt"/>
        <line num="79" count="1" type="stmt"/>
        <line num="80" count="0" type="stmt"/>
        <line num="81" count="0" type="stmt"/>
        <line num="83" count="1" type="stmt"/>
        <line num="84" count="0" type="stmt"/>
        <line num="85" count="0" type="stmt"/>
        <line num="87" count="1" type="cond" truecount="1" falsecount="0"/>
        <line num="88" count="1" type="stmt"/>
        <line num="89" count="1" type="stmt"/>
        <line num="92" count="1" type="cond" truecount="1" falsecount="0"/>
        <line num="93" count="3" type="stmt"/>
        <line num="94" count="3" type="stmt"/>
        <line num="95" count="0" type="stmt"/>
        <line num="96" count="0" type="stmt"/>
        <line num="97" count="3" type="stmt"/>
        <line num="98" count="3" type="stmt"/>
        <line num="99" count="3" type="stmt"/>
        <line num="100" count="1" type="stmt"/>
      </file>
      <file name="WrappedIteratorBase.ts" path="/home/acathey/devel/mycode/js/by-engine/node/unnamedIteratorLibrary/src/main/iterators/classes/WrappedIteratorBase.ts">
        <metrics statements="34" coveredstatements="34" conditionals="10" coveredconditionals="9" methods="9" coveredmethods="9"/>
        <line num="1" count="1" type="stmt"/>
        <line num="2" count="1" type="stmt"/>
        <line num="4" count="1" type="stmt"/>
        <line num="6" count="1" type="cond" truecount="1" falsecount="0"/>
        <line num="7" count="32" type="stmt"/>
        <line num="8" count="32" type="stmt"/>
        <line num="10" count="1" type="cond" truecount="1" falsecount="0"/>
        <line num="11" count="8" type="stmt"/>
        <line num="12" count="8" type="stmt"/>
        <line num="16" count="1" type="cond" truecount="1" falsecount="0"/>
        <line num="17" count="4" type="stmt"/>
        <line num="18" count="4" type="stmt"/>
        <line num="19" count="4" type="stmt"/>
        <line num="21" count="1" type="cond" truecount="1" falsecount="0"/>
        <line num="22" count="6" type="stmt"/>
        <line num="23" count="6" type="stmt"/>
        <line num="25" count="1" type="cond" truecount="1" falsecount="0"/>
        <line num="26" count="1" type="stmt"/>
        <line num="27" count="1" type="stmt"/>
        <line num="29" count="1" type="cond" truecount="1" falsecount="0"/>
        <line num="30" count="1" type="stmt"/>
        <line num="31" count="1" type="stmt"/>
        <line num="33" count="1" type="cond" truecount="1" falsecount="0"/>
        <line num="34" count="2" type="stmt"/>
        <line num="35" count="2" type="stmt"/>
        <line num="37" count="1" type="cond" truecount="1" falsecount="0"/>
        <line num="38" count="1" type="stmt"/>
        <line num="39" count="1" type="stmt"/>
        <line num="40" count="1" type="stmt"/>
        <line num="42" count="1" type="cond" truecount="1" falsecount="0"/>
        <line num="43" count="1" type="cond" truecount="0" falsecount="1"/>
        <line num="44" count="1" type="stmt"/>
        <line num="45" count="1" type="stmt"/>
        <line num="46" count="1" type="stmt"/>
      </file>
    </package>
    <package name="main.iterators.operations.async">
      <metrics statements="56" coveredstatements="54" conditionals="12" coveredconditionals="10" methods="5" coveredmethods="5"/>
      <file name="iteratorFilterAsync.ts" path="/home/acathey/devel/mycode/js/by-engine/node/unnamedIteratorLibrary/src/main/iterators/operations/async/iteratorFilterAsync.ts">
        <metrics statements="13" coveredstatements="13" conditionals="3" coveredconditionals="3" methods="1" coveredmethods="1"/>
        <line num="1" count="1" type="stmt"/>
        <line num="3" count="1" type="cond" truecount="1" falsecount="0"/>
        <line num="4" count="1" type="stmt"/>
        <line num="5" count="1" type="stmt"/>
        <line num="6" count="1" type="stmt"/>
        <line num="7" count="1" type="stmt"/>
        <line num="8" count="1" type="stmt"/>
        <line num="9" count="1" type="cond" truecount="1" falsecount="0"/>
        <line num="10" count="10" type="cond" truecount="1" falsecount="0"/>
        <line num="11" count="5" type="stmt"/>
        <line num="12" count="5" type="stmt"/>
        <line num="13" count="10" type="stmt"/>
        <line num="14" count="1" type="stmt"/>
      </file>
      <file name="iteratorForEachAsync.ts" path="/home/acathey/devel/mycode/js/by-engine/node/unnamedIteratorLibrary/src/main/iterators/operations/async/iteratorForEachAsync.ts">
        <metrics statements="11" coveredstatements="11" conditionals="2" coveredconditionals="2" methods="1" coveredmethods="1"/>
        <line num="1" count="1" type="stmt"/>
        <line num="3" count="1" type="cond" truecount="1" falsecount="0"/>
        <line num="4" count="1" type="stmt"/>
        <line num="5" count="1" type="stmt"/>
        <line num="6" count="1" type="stmt"/>
        <line num="7" count="1" type="stmt"/>
        <line num="8" count="1" type="stmt"/>
        <line num="9" count="1" type="cond" truecount="1" falsecount="0"/>
        <line num="10" count="10" type="stmt"/>
        <line num="11" count="10" type="stmt"/>
        <line num="12" count="1" type="stmt"/>
      </file>
      <file name="iteratorMapAsync.ts" path="/home/acathey/devel/mycode/js/by-engine/node/unnamedIteratorLibrary/src/main/iterators/operations/async/iteratorMapAsync.ts">
        <metrics statements="12" coveredstatements="12" conditionals="2" coveredconditionals="2" methods="1" coveredmethods="1"/>
        <line num="1" count="1" type="stmt"/>
        <line num="2" count="1" type="stmt"/>
        <line num="4" count="1" type="cond" truecount="1" falsecount="0"/>
        <line num="5" count="1" type="stmt"/>
        <line num="6" count="1" type="stmt"/>
        <line num="7" count="1" type="stmt"/>
        <line num="8" count="1" type="stmt"/>
        <line num="9" count="1" type="stmt"/>
        <line num="10" count="1" type="cond" truecount="1" falsecount="0"/>
        <line num="11" count="10" type="stmt"/>
        <line num="12" count="10" type="stmt"/>
        <line num="13" count="1" type="stmt"/>
      </file>
      <file name="iteratorReduceAsync.ts" path="/home/acathey/devel/mycode/js/by-engine/node/unnamedIteratorLibrary/src/main/iterators/operations/async/iteratorReduceAsync.ts">
        <metrics statements="20" coveredstatements="18" conditionals="5" coveredconditionals="3" methods="2" coveredmethods="2"/>
        <line num="1" count="1" type="stmt"/>
        <line num="3" count="1" type="cond" truecount="1" falsecount="0"/>
        <line num="4" count="1" type="stmt"/>
        <line num="5" count="1" type="stmt"/>
        <line num="6" count="1" type="stmt"/>
        <line num="7" count="1" type="stmt"/>
        <line num="8" count="1" type="stmt"/>
        <line num="10" count="1" type="cond" truecount="1" falsecount="1"/>
        <line num="11" count="0" type="stmt"/>
        <line num="12" count="1" type="stmt"/>
        <line num="14" count="1" type="stmt"/>
        <line num="15" count="1" type="cond" truecount="0" falsecount="1"/>
        <line num="16" count="0" type="stmt"/>
        <line num="17" count="1" type="stmt"/>
        <line num="20" count="1" type="stmt"/>
        <line num="22" count="1" type="cond" truecount="1" falsecount="0"/>
        <line num="23" count="9" type="stmt"/>
        <line num="24" count="9" type="stmt"/>
        <line num="26" count="1" type="stmt"/>
        <line num="27" count="1" type="stmt"/>
      </file>
    </package>
    <package name="main.iterators.operations.sync">
      <metrics statements="63" coveredstatements="61" conditionals="14" coveredconditionals="12" methods="6" coveredmethods="6"/>
      <file name="iteratorChain.ts" path="/home/acathey/devel/mycode/js/by-engine/node/unnamedIteratorLibrary/src/main/iterators/operations/sync/iteratorChain.ts">
        <metrics statements="8" coveredstatements="8" conditionals="2" coveredconditionals="2" methods="1" coveredmethods="1"/>
        <line num="1" count="1" type="stmt"/>
        <line num="3" count="1" type="cond" truecount="1" falsecount="0"/>
        <line num="4" count="1" type="stmt"/>
        <line num="5" count="1" type="stmt"/>
        <line num="6" count="1" type="cond" truecount="1" falsecount="0"/>
        <line num="7" count="3" type="stmt"/>
        <line num="8" count="3" type="stmt"/>
        <line num="9" count="1" type="stmt"/>
      </file>
      <file name="iteratorFilter.ts" path="/home/acathey/devel/mycode/js/by-engine/node/unnamedIteratorLibrary/src/main/iterators/operations/sync/iteratorFilter.ts">
        <metrics statements="13" coveredstatements="13" conditionals="3" coveredconditionals="3" methods="1" coveredmethods="1"/>
        <line num="1" count="1" type="stmt"/>
        <line num="3" count="1" type="cond" truecount="1" falsecount="0"/>
        <line num="4" count="1" type="stmt"/>
        <line num="5" count="1" type="stmt"/>
        <line num="6" count="1" type="stmt"/>
        <line num="7" count="1" type="stmt"/>
        <line num="8" count="1" type="stmt"/>
        <line num="9" count="1" type="cond" truecount="1" falsecount="0"/>
        <line num="10" count="10" type="cond" truecount="1" falsecount="0"/>
        <line num="11" count="5" type="stmt"/>
        <line num="12" count="5" type="stmt"/>
        <line num="13" count="10" type="stmt"/>
        <line num="14" count="1" type="stmt"/>
      </file>
      <file name="iteratorForEach.ts" path="/home/acathey/devel/mycode/js/by-engine/node/unnamedIteratorLibrary/src/main/iterators/operations/sync/iteratorForEach.ts">
        <metrics statements="11" coveredstatements="11" conditionals="2" coveredconditionals="2" methods="1" coveredmethods="1"/>
        <line num="1" count="1" type="stmt"/>
        <line num="3" count="1" type="cond" truecount="1" falsecount="0"/>
        <line num="4" count="1" type="stmt"/>
        <line num="5" count="1" type="stmt"/>
        <line num="6" count="1" type="stmt"/>
        <line num="7" count="1" type="stmt"/>
        <line num="8" count="1" type="stmt"/>
        <line num="9" count="1" type="cond" truecount="1" falsecount="0"/>
        <line num="10" count="10" type="stmt"/>
        <line num="11" count="10" type="stmt"/>
        <line num="12" count="1" type="stmt"/>
      </file>
      <file name="iteratorMap.ts" path="/home/acathey/devel/mycode/js/by-engine/node/unnamedIteratorLibrary/src/main/iterators/operations/sync/iteratorMap.ts">
        <metrics statements="11" coveredstatements="11" conditionals="2" coveredconditionals="2" methods="1" coveredmethods="1"/>
        <line num="1" count="1" type="stmt"/>
        <line num="3" count="1" type="cond" truecount="1" falsecount="0"/>
        <line num="4" count="1" type="stmt"/>
        <line num="5" count="1" type="stmt"/>
        <line num="6" count="1" type="stmt"/>
        <line num="7" count="1" type="stmt"/>
        <line num="8" count="1" type="stmt"/>
        <line num="9" count="1" type="cond" truecount="1" falsecount="0"/>
        <line num="10" count="10" type="stmt"/>
        <line num="11" count="10" type="stmt"/>
        <line num="12" count="1" type="stmt"/>
      </file>
      <file name="iteratorReduce.ts" path="/home/acathey/devel/mycode/js/by-engine/node/unnamedIteratorLibrary/src/main/iterators/operations/sync/iteratorReduce.ts">
        <metrics statements="20" coveredstatements="18" conditionals="5" coveredconditionals="3" methods="2" coveredmethods="2"/>
        <line num="1" count="1" type="stmt"/>
        <line num="3" count="1" type="cond" truecount="1" falsecount="0"/>
        <line num="4" count="1" type="stmt"/>
        <line num="5" count="1" type="stmt"/>
        <line num="6" count="1" type="stmt"/>
        <line num="7" count="1" type="stmt"/>
        <line num="8" count="1" type="stmt"/>
        <line num="10" count="1" type="cond" truecount="1" falsecount="1"/>
        <line num="11" count="0" type="stmt"/>
        <line num="12" count="1" type="stmt"/>
        <line num="14" count="1" type="stmt"/>
        <line num="15" count="1" type="cond" truecount="0" falsecount="1"/>
        <line num="16" count="0" type="stmt"/>
        <line num="17" count="1" type="stmt"/>
        <line num="20" count="1" type="stmt"/>
        <line num="22" count="1" type="cond" truecount="1" falsecount="0"/>
        <line num="23" count="9" type="stmt"/>
        <line num="24" count="9" type="stmt"/>
        <line num="26" count="1" type="stmt"/>
        <line num="27" count="1" type="stmt"/>
      </file>
    </package>
    <package name="main.util">
      <metrics statements="23" coveredstatements="20" conditionals="5" coveredconditionals="4" methods="4" coveredmethods="3"/>
      <file name="callIteratorMethod.ts" path="/home/acathey/devel/mycode/js/by-engine/node/unnamedIteratorLibrary/src/main/util/callIteratorMethod.ts">
        <metrics statements="23" coveredstatements="20" conditionals="5" coveredconditionals="4" methods="4" coveredmethods="3"/>
        <line num="1" count="1" type="cond" truecount="1" falsecount="0"/>
        <line num="2" count="1" type="stmt"/>
        <line num="3" count="1" type="stmt"/>
        <line num="4" count="1" type="stmt"/>
        <line num="6" count="1" type="stmt"/>
        <line num="7" count="1" type="stmt"/>
        <line num="8" count="1" type="stmt"/>
        <line num="10" count="1" type="cond" truecount="1" falsecount="0"/>
        <line num="11" count="1" type="stmt"/>
        <line num="12" count="1" type="stmt"/>
        <line num="13" count="1" type="stmt"/>
        <line num="15" count="1" type="stmt"/>
        <line num="16" count="1" type="stmt"/>
        <line num="17" count="1" type="stmt"/>
        <line num="23" count="2" type="cond" truecount="1" falsecount="0"/>
        <line num="24" count="2" type="stmt"/>
        <line num="25" count="2" type="stmt"/>
        <line num="26" count="2" type="stmt"/>
        <line num="27" count="2" type="cond" truecount="1" falsecount="1"/>
        <line num="28" count="2" type="stmt"/>
        <line num="30" count="0" type="stmt"/>
        <line num="31" count="0" type="stmt"/>
        <line num="32" count="0" type="stmt"/>
      </file>
    </package>
    <package name="main.util.convert">
      <metrics statements="49" coveredstatements="43" conditionals="16" coveredconditionals="16" methods="11" coveredmethods="8"/>
      <file name="asAsyncIterator.ts" path="/home/acathey/devel/mycode/js/by-engine/node/unnamedIteratorLibrary/src/main/util/convert/asAsyncIterator.ts">
        <metrics statements="26" coveredstatements="20" conditionals="4" coveredconditionals="4" methods="7" coveredmethods="4"/>
        <line num="1" count="1" type="stmt"/>
        <line num="7" count="1" type="stmt"/>
        <line num="10" count="1" type="cond" truecount="1" falsecount="0"/>
        <line num="11" count="7" type="stmt"/>
        <line num="12" count="7" type="stmt"/>
        <line num="14" count="1" type="cond" truecount="1" falsecount="0"/>
        <line num="15" count="7" type="stmt"/>
        <line num="16" count="7" type="stmt"/>
        <line num="18" count="1" type="stmt"/>
        <line num="19" count="0" type="stmt"/>
        <line num="20" count="0" type="stmt"/>
        <line num="22" count="1" type="cond" truecount="1" falsecount="0"/>
        <line num="23" count="46" type="stmt"/>
        <line num="24" count="46" type="stmt"/>
        <line num="26" count="1" type="stmt"/>
        <line num="27" count="0" type="stmt"/>
        <line num="28" count="0" type="stmt"/>
        <line num="30" count="1" type="stmt"/>
        <line num="31" count="0" type="stmt"/>
        <line num="32" count="0" type="stmt"/>
        <line num="33" count="1" type="stmt"/>
        <line num="35" count="1" type="cond" truecount="1" falsecount="0"/>
        <line num="36" count="7" type="stmt"/>
        <line num="37" count="7" type="stmt"/>
        <line num="38" count="7" type="stmt"/>
        <line num="39" count="7" type="stmt"/>
      </file>
      <file name="toGenerator.ts" path="/home/acathey/devel/mycode/js/by-engine/node/unnamedIteratorLibrary/src/main/util/convert/toGenerator.ts">
        <metrics statements="16" coveredstatements="16" conditionals="8" coveredconditionals="8" methods="3" coveredmethods="3"/>
        <line num="1" count="1" type="stmt"/>
        <line num="4" count="1" type="cond" truecount="1" falsecount="0"/>
        <line num="5" count="6" type="stmt"/>
        <line num="6" count="6" type="cond" truecount="1" falsecount="0"/>
        <line num="7" count="1" type="stmt"/>
        <line num="8" count="6" type="cond" truecount="1" falsecount="0"/>
        <line num="9" count="4" type="cond" truecount="1" falsecount="0"/>
        <line num="10" count="6" type="cond" truecount="1" falsecount="0"/>
        <line num="11" count="1" type="stmt"/>
        <line num="12" count="6" type="stmt"/>
        <line num="13" count="6" type="stmt"/>
        <line num="15" count="5" type="cond" truecount="1" falsecount="0"/>
        <line num="16" count="5" type="cond" truecount="2" falsecount="0"/>
        <line num="17" count="30" type="stmt"/>
        <line num="18" count="30" type="stmt"/>
        <line num="19" count="3" type="stmt"/>
      </file>
      <file name="toIterator.ts" path="/home/acathey/devel/mycode/js/by-engine/node/unnamedIteratorLibrary/src/main/util/convert/toIterator.ts">
        <metrics statements="7" coveredstatements="7" conditionals="4" coveredconditionals="4" methods="1" coveredmethods="1"/>
        <line num="1" count="1" type="stmt"/>
        <line num="5" count="1" type="cond" truecount="1" falsecount="0"/>
        <line num="6" count="34" type="stmt"/>
        <line num="7" count="34" type="stmt"/>
        <line num="8" count="34" type="stmt"/>
        <line num="9" count="34" type="cond" truecount="3" falsecount="0"/>
        <line num="11" count="34" type="stmt"/>
      </file>
    </package>
    <package name="main.util.types.runtime">
      <metrics statements="44" coveredstatements="42" conditionals="15" coveredconditionals="15" methods="14" coveredmethods="13"/>
      <file name="checks.ts" path="/home/acathey/devel/mycode/js/by-engine/node/unnamedIteratorLibrary/src/main/util/types/runtime/checks.ts">
        <metrics statements="19" coveredstatements="19" conditionals="7" coveredconditionals="7" methods="6" coveredmethods="6"/>
        <line num="1" count="1" type="stmt"/>
        <line num="3" count="1" type="cond" truecount="1" falsecount="0"/>
        <line num="4" count="66" type="cond" truecount="1" falsecount="0"/>
        <line num="5" count="66" type="stmt"/>
        <line num="7" count="1" type="cond" truecount="1" falsecount="0"/>
        <line num="8" count="44" type="stmt"/>
        <line num="9" count="44" type="stmt"/>
        <line num="11" count="1" type="cond" truecount="1" falsecount="0"/>
        <line num="12" count="5" type="stmt"/>
        <line num="13" count="5" type="stmt"/>
        <line num="15" count="1" type="cond" truecount="1" falsecount="0"/>
        <line num="16" count="53" type="stmt"/>
        <line num="17" count="53" type="stmt"/>
        <line num="19" count="1" type="cond" truecount="1" falsecount="0"/>
        <line num="20" count="1" type="stmt"/>
        <line num="21" count="1" type="stmt"/>
        <line num="23" count="1" type="cond" truecount="1" falsecount="0"/>
        <line num="24" count="15" type="stmt"/>
        <line num="25" count="15" type="stmt"/>
      </file>
      <file name="guards.ts" path="/home/acathey/devel/mycode/js/by-engine/node/unnamedIteratorLibrary/src/main/util/types/runtime/guards.ts">
        <metrics statements="22" coveredstatements="20" conditionals="7" coveredconditionals="7" methods="7" coveredmethods="6"/>
        <line num="1" count="1" type="stmt"/>
        <line num="3" count="1" type="cond" truecount="1" falsecount="0"/>
        <line num="4" count="14" type="stmt"/>
        <line num="5" count="14" type="stmt"/>
        <line num="10" count="1" type="cond" truecount="1" falsecount="0"/>
        <line num="11" count="14" type="stmt"/>
        <line num="12" count="14" type="stmt"/>
        <line num="14" count="1" type="cond" truecount="1" falsecount="0"/>
        <line num="15" count="8" type="stmt"/>
        <line num="16" count="8" type="stmt"/>
        <line num="18" count="1" type="cond" truecount="1" falsecount="0"/>
        <line num="19" count="2" type="stmt"/>
        <line num="20" count="2" type="stmt"/>
        <line num="22" count="10" type="cond" truecount="1" falsecount="0"/>
        <line num="23" count="10" type="cond" truecount="1" falsecount="0"/>
        <line num="24" count="10" type="stmt"/>
        <line num="26" count="1" type="cond" truecount="1" falsecount="0"/>
        <line num="27" count="6" type="stmt"/>
        <line num="28" count="6" type="stmt"/>
        <line num="30" count="1" type="stmt"/>
        <line num="31" count="0" type="stmt"/>
        <line num="32" count="0" type="stmt"/>
      </file>
      <file name="typeOf.ts" path="/home/acathey/devel/mycode/js/by-engine/node/unnamedIteratorLibrary/src/main/util/types/runtime/typeOf.ts">
        <metrics statements="3" coveredstatements="3" conditionals="1" coveredconditionals="1" methods="1" coveredmethods="1"/>
        <line num="1" count="105" type="cond" truecount="1" falsecount="0"/>
        <line num="2" count="105" type="stmt"/>
        <line num="3" count="105" type="stmt"/>
      </file>
    </package>
    <package name="main.util.types.static">
      <metrics statements="3" coveredstatements="3" conditionals="3" coveredconditionals="2" methods="2" coveredmethods="2"/>
      <file name="ThisArg.ts" path="/home/acathey/devel/mycode/js/by-engine/node/unnamedIteratorLibrary/src/main/util/types/static/ThisArg.ts">
        <metrics statements="3" coveredstatements="3" conditionals="2" coveredconditionals="1" methods="1" coveredmethods="1"/>
        <line num="3" count="1" type="cond" truecount="1" falsecount="0"/>
        <line num="4" count="14" type="cond" truecount="0" falsecount="1"/>
        <line num="5" count="14" type="stmt"/>
      </file>
      <file name="tupleTypes.ts" path="/home/acathey/devel/mycode/js/by-engine/node/unnamedIteratorLibrary/src/main/util/types/static/tupleTypes.ts">
        <metrics statements="0" coveredstatements="0" conditionals="1" coveredconditionals="1" methods="1" coveredmethods="1"/>
      </file>
    </package>
  </project>
</coverage>
