{"/home/acathey/devel/mycode/js/by-engine/node/unnamedIteratorLibrary/src/lib/arrayFromAsync.ts": {"path":"/home/acathey/devel/mycode/js/by-engine/node/unnamedIteratorLibrary/src/lib/arrayFromAsync.ts","all":false,"statementMap":{"0":{"start":{"line":1,"column":0},"end":{"line":1,"column":119}},"1":{"start":{"line":2,"column":0},"end":{"line":2,"column":25}},"2":{"start":{"line":3,"column":0},"end":{"line":3,"column":82}},"3":{"start":{"line":4,"column":0},"end":{"line":4,"column":32}},"4":{"start":{"line":5,"column":0},"end":{"line":5,"column":3}},"5":{"start":{"line":6,"column":0},"end":{"line":6,"column":16}},"6":{"start":{"line":7,"column":0},"end":{"line":7,"column":1}}},"s":{"0":2,"1":2,"2":2,"3":15,"4":15,"5":2,"6":2},"branchMap":{"0":{"type":"branch","line":1,"loc":{"start":{"line":1,"column":0},"end":{"line":7,"column":1}},"locations":[{"start":{"line":1,"column":0},"end":{"line":7,"column":1}}]},"1":{"type":"branch","line":3,"loc":{"start":{"line":3,"column":78},"end":{"line":5,"column":3}},"locations":[{"start":{"line":3,"column":78},"end":{"line":5,"column":3}}]}},"b":{"0":[2],"1":[15]},"fnMap":{"0":{"name":"arrayFromAsync","decl":{"start":{"line":1,"column":0},"end":{"line":7,"column":1}},"loc":{"start":{"line":1,"column":0},"end":{"line":7,"column":1}},"line":1}},"f":{"0":2}}
,"/home/acathey/devel/mycode/js/by-engine/node/unnamedIteratorLibrary/src/lib/test/TestObjects.ts": {"path":"/home/acathey/devel/mycode/js/by-engine/node/unnamedIteratorLibrary/src/lib/test/TestObjects.ts","all":false,"statementMap":{"0":{"start":{"line":1,"column":0},"end":{"line":1,"column":32}},"1":{"start":{"line":2,"column":0},"end":{"line":2,"column":70}},"3":{"start":{"line":4,"column":0},"end":{"line":4,"column":33}},"4":{"start":{"line":5,"column":0},"end":{"line":5,"column":29}},"5":{"start":{"line":6,"column":0},"end":{"line":6,"column":62}},"7":{"start":{"line":8,"column":0},"end":{"line":8,"column":27}},"8":{"start":{"line":9,"column":0},"end":{"line":9,"column":124}},"9":{"start":{"line":10,"column":0},"end":{"line":10,"column":3}},"10":{"start":{"line":11,"column":0},"end":{"line":11,"column":22}},"11":{"start":{"line":12,"column":0},"end":{"line":12,"column":28}},"12":{"start":{"line":13,"column":0},"end":{"line":13,"column":3}},"13":{"start":{"line":14,"column":0},"end":{"line":14,"column":1}},"15":{"start":{"line":16,"column":0},"end":{"line":16,"column":29}},"16":{"start":{"line":17,"column":0},"end":{"line":17,"column":40}},"17":{"start":{"line":18,"column":0},"end":{"line":18,"column":1}},"19":{"start":{"line":20,"column":0},"end":{"line":20,"column":26}},"20":{"start":{"line":21,"column":0},"end":{"line":21,"column":34}},"21":{"start":{"line":22,"column":0},"end":{"line":22,"column":12}},"22":{"start":{"line":23,"column":0},"end":{"line":23,"column":3}},"23":{"start":{"line":24,"column":0},"end":{"line":24,"column":1}},"25":{"start":{"line":26,"column":0},"end":{"line":26,"column":24}},"26":{"start":{"line":27,"column":0},"end":{"line":27,"column":42}},"27":{"start":{"line":28,"column":0},"end":{"line":28,"column":1}},"29":{"start":{"line":30,"column":0},"end":{"line":30,"column":24}},"30":{"start":{"line":31,"column":0},"end":{"line":31,"column":27}},"31":{"start":{"line":32,"column":0},"end":{"line":32,"column":10}},"32":{"start":{"line":33,"column":0},"end":{"line":33,"column":53}},"33":{"start":{"line":34,"column":0},"end":{"line":34,"column":4}},"34":{"start":{"line":35,"column":0},"end":{"line":35,"column":1}},"36":{"start":{"line":37,"column":0},"end":{"line":37,"column":21}},"37":{"start":{"line":38,"column":0},"end":{"line":38,"column":48}},"38":{"start":{"line":39,"column":0},"end":{"line":39,"column":28}},"39":{"start":{"line":40,"column":0},"end":{"line":40,"column":50}},"40":{"start":{"line":41,"column":0},"end":{"line":41,"column":15}},"41":{"start":{"line":42,"column":0},"end":{"line":42,"column":1}},"43":{"start":{"line":44,"column":0},"end":{"line":44,"column":21}},"44":{"start":{"line":45,"column":0},"end":{"line":45,"column":11}},"45":{"start":{"line":46,"column":0},"end":{"line":46,"column":14}},"46":{"start":{"line":47,"column":0},"end":{"line":47,"column":14}},"47":{"start":{"line":48,"column":0},"end":{"line":48,"column":15}},"48":{"start":{"line":49,"column":0},"end":{"line":49,"column":19}},"49":{"start":{"line":50,"column":0},"end":{"line":50,"column":23}},"50":{"start":{"line":51,"column":0},"end":{"line":51,"column":2}},"52":{"start":{"line":53,"column":0},"end":{"line":53,"column":27}}},"s":{"0":1,"1":1,"3":8,"4":8,"5":8,"7":8,"8":80,"9":80,"10":8,"11":8,"12":8,"13":8,"15":1,"16":1,"17":1,"19":10,"20":10,"21":0,"22":0,"23":0,"25":31,"26":31,"27":31,"29":40,"30":40,"31":40,"32":40,"33":40,"34":40,"36":82,"37":82,"38":82,"39":82,"40":82,"41":82,"43":1,"44":1,"45":1,"46":1,"47":1,"48":1,"49":1,"50":1,"52":1},"branchMap":{"0":{"type":"branch","line":4,"loc":{"start":{"line":4,"column":0},"end":{"line":14,"column":1}},"locations":[{"start":{"line":4,"column":0},"end":{"line":14,"column":1}}]},"1":{"type":"branch","line":8,"loc":{"start":{"line":8,"column":2},"end":{"line":10,"column":3}},"locations":[{"start":{"line":8,"column":2},"end":{"line":10,"column":3}}]},"2":{"type":"branch","line":11,"loc":{"start":{"line":11,"column":2},"end":{"line":13,"column":3}},"locations":[{"start":{"line":11,"column":2},"end":{"line":13,"column":3}}]},"3":{"type":"branch","line":16,"loc":{"start":{"line":16,"column":0},"end":{"line":18,"column":1}},"locations":[{"start":{"line":16,"column":0},"end":{"line":18,"column":1}}]},"4":{"type":"branch","line":20,"loc":{"start":{"line":20,"column":0},"end":{"line":24,"column":1}},"locations":[{"start":{"line":20,"column":0},"end":{"line":24,"column":1}}]},"5":{"type":"branch","line":21,"loc":{"start":{"line":21,"column":33},"end":{"line":24,"column":1}},"locations":[{"start":{"line":21,"column":33},"end":{"line":24,"column":1}}]},"6":{"type":"branch","line":26,"loc":{"start":{"line":26,"column":0},"end":{"line":28,"column":1}},"locations":[{"start":{"line":26,"column":0},"end":{"line":28,"column":1}}]},"7":{"type":"branch","line":30,"loc":{"start":{"line":30,"column":0},"end":{"line":35,"column":1}},"locations":[{"start":{"line":30,"column":0},"end":{"line":35,"column":1}}]},"8":{"type":"branch","line":33,"loc":{"start":{"line":33,"column":23},"end":{"line":33,"column":53}},"locations":[{"start":{"line":33,"column":23},"end":{"line":33,"column":53}}]},"9":{"type":"branch","line":37,"loc":{"start":{"line":37,"column":0},"end":{"line":42,"column":1}},"locations":[{"start":{"line":37,"column":0},"end":{"line":42,"column":1}}]},"10":{"type":"branch","line":40,"loc":{"start":{"line":40,"column":21},"end":{"line":40,"column":47}},"locations":[{"start":{"line":40,"column":21},"end":{"line":40,"column":47}}]}},"b":{"0":[8],"1":[80],"2":[8],"3":[1],"4":[10],"5":[0],"6":[31],"7":[40],"8":[39],"9":[82],"10":[820]},"fnMap":{"0":{"name":"createSimpleCallback","decl":{"start":{"line":4,"column":0},"end":{"line":14,"column":1}},"loc":{"start":{"line":4,"column":0},"end":{"line":14,"column":1}},"line":4},"1":{"name":"append","decl":{"start":{"line":8,"column":2},"end":{"line":10,"column":3}},"loc":{"start":{"line":8,"column":2},"end":{"line":10,"column":3}},"line":8},"2":{"name":"getText","decl":{"start":{"line":11,"column":2},"end":{"line":13,"column":3}},"loc":{"start":{"line":11,"column":2},"end":{"line":13,"column":3}},"line":11},"3":{"name":"newAsyncIterator","decl":{"start":{"line":16,"column":0},"end":{"line":18,"column":1}},"loc":{"start":{"line":16,"column":0},"end":{"line":18,"column":1}},"line":16},"4":{"name":"newGenerator","decl":{"start":{"line":20,"column":0},"end":{"line":24,"column":1}},"loc":{"start":{"line":20,"column":0},"end":{"line":24,"column":1}},"line":20},"5":{"name":"newIterator","decl":{"start":{"line":26,"column":0},"end":{"line":28,"column":1}},"loc":{"start":{"line":26,"column":0},"end":{"line":28,"column":1}},"line":26},"6":{"name":"newIterable","decl":{"start":{"line":30,"column":0},"end":{"line":35,"column":1}},"loc":{"start":{"line":30,"column":0},"end":{"line":35,"column":1}},"line":30},"7":{"name":"newArray","decl":{"start":{"line":37,"column":0},"end":{"line":42,"column":1}},"loc":{"start":{"line":37,"column":0},"end":{"line":42,"column":1}},"line":37}},"f":{"0":8,"1":80,"2":8,"3":1,"4":10,"5":31,"6":40,"7":82}}
,"/home/acathey/devel/mycode/js/by-engine/node/unnamedIteratorLibrary/src/main/index.ts": {"path":"/home/acathey/devel/mycode/js/by-engine/node/unnamedIteratorLibrary/src/main/index.ts","all":true,"statementMap":{"0":{"start":{"line":1,"column":0},"end":{"line":1,"column":42}}},"s":{"0":0},"branchMap":{"0":{"type":"branch","line":1,"loc":{"start":{"line":1,"column":0},"end":{"line":2,"column":-2}},"locations":[{"start":{"line":1,"column":0},"end":{"line":2,"column":-2}}]}},"b":{"0":[0]},"fnMap":{"0":{"name":"(empty-report)","decl":{"start":{"line":1,"column":0},"end":{"line":2,"column":-2}},"loc":{"start":{"line":1,"column":0},"end":{"line":2,"column":-2}},"line":1}},"f":{"0":0}}
,"/home/acathey/devel/mycode/js/by-engine/node/unnamedIteratorLibrary/src/main/arrays/awrap.ts": {"path":"/home/acathey/devel/mycode/js/by-engine/node/unnamedIteratorLibrary/src/main/arrays/awrap.ts","all":false,"statementMap":{"0":{"start":{"line":1,"column":0},"end":{"line":1,"column":50}},"2":{"start":{"line":3,"column":0},"end":{"line":3,"column":82}},"3":{"start":{"line":4,"column":0},"end":{"line":4,"column":38}},"4":{"start":{"line":5,"column":0},"end":{"line":5,"column":1}}},"s":{"0":1,"2":1,"3":6,"4":6},"branchMap":{"0":{"type":"branch","line":3,"loc":{"start":{"line":3,"column":7},"end":{"line":5,"column":1}},"locations":[{"start":{"line":3,"column":7},"end":{"line":5,"column":1}}]}},"b":{"0":[6]},"fnMap":{"0":{"name":"awrap","decl":{"start":{"line":3,"column":7},"end":{"line":5,"column":1}},"loc":{"start":{"line":3,"column":7},"end":{"line":5,"column":1}},"line":3}},"f":{"0":6}}
,"/home/acathey/devel/mycode/js/by-engine/node/unnamedIteratorLibrary/src/main/arrays/classes/WrappedArray.ts": {"path":"/home/acathey/devel/mycode/js/by-engine/node/unnamedIteratorLibrary/src/main/arrays/classes/WrappedArray.ts","all":false,"statementMap":{"0":{"start":{"line":1,"column":0},"end":{"line":1,"column":72}},"1":{"start":{"line":2,"column":0},"end":{"line":2,"column":74}},"2":{"start":{"line":3,"column":0},"end":{"line":3,"column":66}},"3":{"start":{"line":4,"column":0},"end":{"line":4,"column":72}},"7":{"start":{"line":8,"column":0},"end":{"line":8,"column":38}},"10":{"start":{"line":11,"column":0},"end":{"line":11,"column":32}},"11":{"start":{"line":12,"column":0},"end":{"line":12,"column":26}},"12":{"start":{"line":13,"column":0},"end":{"line":13,"column":44}},"13":{"start":{"line":14,"column":0},"end":{"line":14,"column":40}},"14":{"start":{"line":15,"column":0},"end":{"line":15,"column":43}},"15":{"start":{"line":16,"column":0},"end":{"line":16,"column":43}},"16":{"start":{"line":17,"column":0},"end":{"line":17,"column":7}},"17":{"start":{"line":18,"column":0},"end":{"line":18,"column":3}},"19":{"start":{"line":20,"column":0},"end":{"line":20,"column":35}},"20":{"start":{"line":21,"column":0},"end":{"line":21,"column":27}},"21":{"start":{"line":22,"column":0},"end":{"line":22,"column":3}},"22":{"start":{"line":23,"column":0},"end":{"line":23,"column":11}},"23":{"start":{"line":24,"column":0},"end":{"line":24,"column":23}},"24":{"start":{"line":25,"column":0},"end":{"line":25,"column":3}},"25":{"start":{"line":26,"column":0},"end":{"line":26,"column":16}},"26":{"start":{"line":27,"column":0},"end":{"line":27,"column":25}},"27":{"start":{"line":28,"column":0},"end":{"line":28,"column":3}},"28":{"start":{"line":29,"column":0},"end":{"line":29,"column":28}},"29":{"start":{"line":30,"column":0},"end":{"line":30,"column":52}},"30":{"start":{"line":31,"column":0},"end":{"line":31,"column":3}},"32":{"start":{"line":33,"column":0},"end":{"line":33,"column":29}},"33":{"start":{"line":34,"column":0},"end":{"line":34,"column":53}},"34":{"start":{"line":35,"column":0},"end":{"line":35,"column":3}},"36":{"start":{"line":37,"column":0},"end":{"line":37,"column":32}},"37":{"start":{"line":38,"column":0},"end":{"line":38,"column":45}},"38":{"start":{"line":39,"column":0},"end":{"line":39,"column":3}},"42":{"start":{"line":43,"column":0},"end":{"line":43,"column":65}},"43":{"start":{"line":44,"column":0},"end":{"line":44,"column":49}},"44":{"start":{"line":45,"column":0},"end":{"line":45,"column":3}},"46":{"start":{"line":47,"column":0},"end":{"line":47,"column":41}},"47":{"start":{"line":48,"column":0},"end":{"line":48,"column":44}},"48":{"start":{"line":49,"column":0},"end":{"line":49,"column":60}},"49":{"start":{"line":50,"column":0},"end":{"line":50,"column":41}},"50":{"start":{"line":51,"column":0},"end":{"line":51,"column":26}},"51":{"start":{"line":52,"column":0},"end":{"line":52,"column":3}},"53":{"start":{"line":54,"column":0},"end":{"line":54,"column":61}},"54":{"start":{"line":55,"column":0},"end":{"line":55,"column":28}},"55":{"start":{"line":56,"column":0},"end":{"line":56,"column":94}},"56":{"start":{"line":57,"column":0},"end":{"line":57,"column":3}},"58":{"start":{"line":59,"column":0},"end":{"line":59,"column":53}},"59":{"start":{"line":60,"column":0},"end":{"line":60,"column":49}},"60":{"start":{"line":61,"column":0},"end":{"line":61,"column":3}},"62":{"start":{"line":63,"column":0},"end":{"line":63,"column":53}},"63":{"start":{"line":64,"column":0},"end":{"line":64,"column":52}},"64":{"start":{"line":65,"column":0},"end":{"line":65,"column":3}},"69":{"start":{"line":70,"column":0},"end":{"line":70,"column":87}},"70":{"start":{"line":71,"column":0},"end":{"line":71,"column":52}},"71":{"start":{"line":72,"column":0},"end":{"line":72,"column":72}},"72":{"start":{"line":73,"column":0},"end":{"line":73,"column":3}},"74":{"start":{"line":75,"column":0},"end":{"line":75,"column":80}},"75":{"start":{"line":76,"column":0},"end":{"line":76,"column":40}},"76":{"start":{"line":77,"column":0},"end":{"line":77,"column":58}},"77":{"start":{"line":78,"column":0},"end":{"line":78,"column":16}},"78":{"start":{"line":79,"column":0},"end":{"line":79,"column":3}},"80":{"start":{"line":81,"column":0},"end":{"line":81,"column":78}},"81":{"start":{"line":82,"column":0},"end":{"line":82,"column":40}},"82":{"start":{"line":83,"column":0},"end":{"line":83,"column":82}},"83":{"start":{"line":84,"column":0},"end":{"line":84,"column":3}},"85":{"start":{"line":86,"column":0},"end":{"line":86,"column":78}},"86":{"start":{"line":87,"column":0},"end":{"line":87,"column":40}},"87":{"start":{"line":88,"column":0},"end":{"line":88,"column":79}},"88":{"start":{"line":89,"column":0},"end":{"line":89,"column":3}},"90":{"start":{"line":91,"column":0},"end":{"line":91,"column":88}},"91":{"start":{"line":92,"column":0},"end":{"line":92,"column":51}},"92":{"start":{"line":93,"column":0},"end":{"line":93,"column":3}},"93":{"start":{"line":94,"column":0},"end":{"line":94,"column":1}}},"s":{"0":1,"1":1,"2":1,"3":1,"7":1,"10":1,"11":6,"12":6,"13":6,"14":6,"15":6,"16":6,"17":6,"19":1,"20":39,"21":39,"22":1,"23":58,"24":58,"25":1,"26":15,"27":15,"28":1,"29":12,"30":12,"32":1,"33":0,"34":0,"36":1,"37":1,"38":1,"42":1,"43":4,"44":4,"46":1,"47":7,"48":7,"49":1,"50":6,"51":7,"53":1,"54":1,"55":1,"56":1,"58":1,"59":2,"60":2,"62":1,"63":2,"64":2,"69":1,"70":2,"71":2,"72":2,"74":1,"75":1,"76":1,"77":1,"78":1,"80":1,"81":4,"82":4,"83":4,"85":1,"86":4,"87":4,"88":4,"90":1,"91":4,"92":4,"93":1},"branchMap":{"0":{"type":"branch","line":11,"loc":{"start":{"line":11,"column":2},"end":{"line":18,"column":3}},"locations":[{"start":{"line":11,"column":2},"end":{"line":18,"column":3}}]},"1":{"type":"branch","line":20,"loc":{"start":{"line":20,"column":2},"end":{"line":22,"column":3}},"locations":[{"start":{"line":20,"column":2},"end":{"line":22,"column":3}}]},"2":{"type":"branch","line":23,"loc":{"start":{"line":23,"column":2},"end":{"line":25,"column":3}},"locations":[{"start":{"line":23,"column":2},"end":{"line":25,"column":3}}]},"3":{"type":"branch","line":26,"loc":{"start":{"line":26,"column":2},"end":{"line":28,"column":3}},"locations":[{"start":{"line":26,"column":2},"end":{"line":28,"column":3}}]},"4":{"type":"branch","line":29,"loc":{"start":{"line":29,"column":2},"end":{"line":31,"column":3}},"locations":[{"start":{"line":29,"column":2},"end":{"line":31,"column":3}}]},"5":{"type":"branch","line":30,"loc":{"start":{"line":30,"column":20},"end":{"line":30,"column":32}},"locations":[{"start":{"line":30,"column":20},"end":{"line":30,"column":32}}]},"6":{"type":"branch","line":30,"loc":{"start":{"line":30,"column":24},"end":{"line":30,"column":52}},"locations":[{"start":{"line":30,"column":24},"end":{"line":30,"column":52}}]},"7":{"type":"branch","line":37,"loc":{"start":{"line":37,"column":2},"end":{"line":39,"column":3}},"locations":[{"start":{"line":37,"column":2},"end":{"line":39,"column":3}}]},"8":{"type":"branch","line":43,"loc":{"start":{"line":43,"column":2},"end":{"line":45,"column":3}},"locations":[{"start":{"line":43,"column":2},"end":{"line":45,"column":3}}]},"9":{"type":"branch","line":44,"loc":{"start":{"line":44,"column":17},"end":{"line":44,"column":38}},"locations":[{"start":{"line":44,"column":17},"end":{"line":44,"column":38}}]},"10":{"type":"branch","line":44,"loc":{"start":{"line":44,"column":34},"end":{"line":44,"column":49}},"locations":[{"start":{"line":44,"column":34},"end":{"line":44,"column":49}}]},"11":{"type":"branch","line":47,"loc":{"start":{"line":47,"column":2},"end":{"line":52,"column":3}},"locations":[{"start":{"line":47,"column":2},"end":{"line":52,"column":3}}]},"12":{"type":"branch","line":49,"loc":{"start":{"line":49,"column":26},"end":{"line":49,"column":60}},"locations":[{"start":{"line":49,"column":26},"end":{"line":49,"column":60}}]},"13":{"type":"branch","line":49,"loc":{"start":{"line":49,"column":59},"end":{"line":50,"column":41}},"locations":[{"start":{"line":49,"column":59},"end":{"line":50,"column":41}}]},"14":{"type":"branch","line":50,"loc":{"start":{"line":50,"column":35},"end":{"line":51,"column":26}},"locations":[{"start":{"line":50,"column":35},"end":{"line":51,"column":26}}]},"15":{"type":"branch","line":54,"loc":{"start":{"line":54,"column":2},"end":{"line":57,"column":3}},"locations":[{"start":{"line":54,"column":2},"end":{"line":57,"column":3}}]},"16":{"type":"branch","line":59,"loc":{"start":{"line":59,"column":2},"end":{"line":61,"column":3}},"locations":[{"start":{"line":59,"column":2},"end":{"line":61,"column":3}}]},"17":{"type":"branch","line":63,"loc":{"start":{"line":63,"column":2},"end":{"line":65,"column":3}},"locations":[{"start":{"line":63,"column":2},"end":{"line":65,"column":3}}]},"18":{"type":"branch","line":70,"loc":{"start":{"line":70,"column":2},"end":{"line":73,"column":3}},"locations":[{"start":{"line":70,"column":2},"end":{"line":73,"column":3}}]},"19":{"type":"branch","line":75,"loc":{"start":{"line":75,"column":2},"end":{"line":79,"column":3}},"locations":[{"start":{"line":75,"column":2},"end":{"line":79,"column":3}}]},"20":{"type":"branch","line":81,"loc":{"start":{"line":81,"column":2},"end":{"line":84,"column":3}},"locations":[{"start":{"line":81,"column":2},"end":{"line":84,"column":3}}]},"21":{"type":"branch","line":86,"loc":{"start":{"line":86,"column":2},"end":{"line":89,"column":3}},"locations":[{"start":{"line":86,"column":2},"end":{"line":89,"column":3}}]},"22":{"type":"branch","line":91,"loc":{"start":{"line":91,"column":2},"end":{"line":93,"column":3}},"locations":[{"start":{"line":91,"column":2},"end":{"line":93,"column":3}}]}},"b":{"0":[6],"1":[39],"2":[58],"3":[15],"4":[12],"5":[4],"6":[8],"7":[1],"8":[4],"9":[3],"10":[1],"11":[7],"12":[1],"13":[1],"14":[6],"15":[1],"16":[2],"17":[2],"18":[2],"19":[1],"20":[4],"21":[4],"22":[4]},"fnMap":{"0":{"name":"async","decl":{"start":{"line":11,"column":2},"end":{"line":18,"column":3}},"loc":{"start":{"line":11,"column":2},"end":{"line":18,"column":3}},"line":11},"1":{"name":"WrappedArray","decl":{"start":{"line":20,"column":2},"end":{"line":22,"column":3}},"loc":{"start":{"line":20,"column":2},"end":{"line":22,"column":3}},"line":20},"2":{"name":"get _","decl":{"start":{"line":23,"column":2},"end":{"line":25,"column":3}},"loc":{"start":{"line":23,"column":2},"end":{"line":25,"column":3}},"line":23},"3":{"name":"get length","decl":{"start":{"line":26,"column":2},"end":{"line":28,"column":3}},"loc":{"start":{"line":26,"column":2},"end":{"line":28,"column":3}},"line":26},"4":{"name":"trueIndex","decl":{"start":{"line":29,"column":2},"end":{"line":31,"column":3}},"loc":{"start":{"line":29,"column":2},"end":{"line":31,"column":3}},"line":29},"5":{"name":"isInBounds","decl":{"start":{"line":33,"column":2},"end":{"line":35,"column":3}},"loc":{"start":{"line":33,"column":2},"end":{"line":35,"column":3}},"line":33},"6":{"name":"isInRawBounds","decl":{"start":{"line":37,"column":2},"end":{"line":39,"column":3}},"loc":{"start":{"line":37,"column":2},"end":{"line":39,"column":3}},"line":37},"7":{"name":"unwrap","decl":{"start":{"line":43,"column":2},"end":{"line":45,"column":3}},"loc":{"start":{"line":43,"column":2},"end":{"line":45,"column":3}},"line":43},"8":{"name":"at","decl":{"start":{"line":47,"column":2},"end":{"line":52,"column":3}},"loc":{"start":{"line":47,"column":2},"end":{"line":52,"column":3}},"line":47},"9":{"name":"forEach","decl":{"start":{"line":54,"column":2},"end":{"line":57,"column":3}},"loc":{"start":{"line":54,"column":2},"end":{"line":57,"column":3}},"line":54},"10":{"name":"map","decl":{"start":{"line":59,"column":2},"end":{"line":61,"column":3}},"loc":{"start":{"line":59,"column":2},"end":{"line":61,"column":3}},"line":59},"11":{"name":"filter","decl":{"start":{"line":63,"column":2},"end":{"line":65,"column":3}},"loc":{"start":{"line":63,"column":2},"end":{"line":65,"column":3}},"line":63},"12":{"name":"reduce","decl":{"start":{"line":70,"column":2},"end":{"line":73,"column":3}},"loc":{"start":{"line":70,"column":2},"end":{"line":73,"column":3}},"line":70},"13":{"name":"asyncForEach","decl":{"start":{"line":75,"column":2},"end":{"line":79,"column":3}},"loc":{"start":{"line":75,"column":2},"end":{"line":79,"column":3}},"line":75},"14":{"name":"asyncFilter","decl":{"start":{"line":81,"column":2},"end":{"line":84,"column":3}},"loc":{"start":{"line":81,"column":2},"end":{"line":84,"column":3}},"line":81},"15":{"name":"asyncMap","decl":{"start":{"line":86,"column":2},"end":{"line":89,"column":3}},"loc":{"start":{"line":86,"column":2},"end":{"line":89,"column":3}},"line":86},"16":{"name":"asyncReduce","decl":{"start":{"line":91,"column":2},"end":{"line":93,"column":3}},"loc":{"start":{"line":91,"column":2},"end":{"line":93,"column":3}},"line":91}},"f":{"0":6,"1":39,"2":58,"3":15,"4":12,"5":0,"6":1,"7":4,"8":7,"9":1,"10":2,"11":2,"12":2,"13":1,"14":4,"15":4,"16":4}}
,"/home/acathey/devel/mycode/js/by-engine/node/unnamedIteratorLibrary/src/main/arrays/operations/asyncArrayFilter.ts": {"path":"/home/acathey/devel/mycode/js/by-engine/node/unnamedIteratorLibrary/src/main/arrays/operations/asyncArrayFilter.ts","all":false,"statementMap":{"0":{"start":{"line":1,"column":0},"end":{"line":1,"column":72}},"3":{"start":{"line":4,"column":0},"end":{"line":4,"column":120}},"4":{"start":{"line":5,"column":0},"end":{"line":5,"column":36}},"6":{"start":{"line":7,"column":0},"end":{"line":7,"column":47}},"8":{"start":{"line":9,"column":0},"end":{"line":9,"column":54}},"9":{"start":{"line":10,"column":0},"end":{"line":10,"column":27}},"10":{"start":{"line":11,"column":0},"end":{"line":11,"column":42}},"11":{"start":{"line":12,"column":0},"end":{"line":12,"column":21}},"12":{"start":{"line":13,"column":0},"end":{"line":13,"column":5}},"13":{"start":{"line":14,"column":0},"end":{"line":14,"column":3}},"15":{"start":{"line":16,"column":0},"end":{"line":16,"column":16}},"16":{"start":{"line":17,"column":0},"end":{"line":17,"column":2}}},"s":{"0":1,"3":6,"4":6,"6":6,"8":6,"9":60,"10":60,"11":35,"12":35,"13":60,"15":6,"16":1},"branchMap":{"0":{"type":"branch","line":4,"loc":{"start":{"line":4,"column":0},"end":{"line":17,"column":1}},"locations":[{"start":{"line":4,"column":0},"end":{"line":17,"column":1}}]},"1":{"type":"branch","line":9,"loc":{"start":{"line":9,"column":53},"end":{"line":14,"column":3}},"locations":[{"start":{"line":9,"column":53},"end":{"line":14,"column":3}}]},"2":{"type":"branch","line":11,"loc":{"start":{"line":11,"column":41},"end":{"line":13,"column":5}},"locations":[{"start":{"line":11,"column":41},"end":{"line":13,"column":5}}]}},"b":{"0":[6],"1":[60],"2":[35]},"fnMap":{"0":{"name":"asyncArrayFilter","decl":{"start":{"line":4,"column":0},"end":{"line":17,"column":1}},"loc":{"start":{"line":4,"column":0},"end":{"line":17,"column":1}},"line":4}},"f":{"0":6}}
,"/home/acathey/devel/mycode/js/by-engine/node/unnamedIteratorLibrary/src/main/arrays/operations/asyncArrayForEach.ts": {"path":"/home/acathey/devel/mycode/js/by-engine/node/unnamedIteratorLibrary/src/main/arrays/operations/asyncArrayForEach.ts","all":false,"statementMap":{"0":{"start":{"line":1,"column":0},"end":{"line":1,"column":72}},"3":{"start":{"line":4,"column":0},"end":{"line":4,"column":122}},"4":{"start":{"line":5,"column":0},"end":{"line":5,"column":47}},"6":{"start":{"line":7,"column":0},"end":{"line":7,"column":54}},"7":{"start":{"line":8,"column":0},"end":{"line":8,"column":47}},"8":{"start":{"line":9,"column":0},"end":{"line":9,"column":3}},"9":{"start":{"line":10,"column":0},"end":{"line":10,"column":2}}},"s":{"0":1,"3":2,"4":2,"6":2,"7":20,"8":20,"9":1},"branchMap":{"0":{"type":"branch","line":4,"loc":{"start":{"line":4,"column":0},"end":{"line":10,"column":1}},"locations":[{"start":{"line":4,"column":0},"end":{"line":10,"column":1}}]},"1":{"type":"branch","line":7,"loc":{"start":{"line":7,"column":53},"end":{"line":9,"column":3}},"locations":[{"start":{"line":7,"column":53},"end":{"line":9,"column":3}}]}},"b":{"0":[2],"1":[20]},"fnMap":{"0":{"name":"asyncArrayForEach","decl":{"start":{"line":4,"column":0},"end":{"line":10,"column":1}},"loc":{"start":{"line":4,"column":0},"end":{"line":10,"column":1}},"line":4}},"f":{"0":2}}
,"/home/acathey/devel/mycode/js/by-engine/node/unnamedIteratorLibrary/src/main/arrays/operations/asyncArrayMap.ts": {"path":"/home/acathey/devel/mycode/js/by-engine/node/unnamedIteratorLibrary/src/main/arrays/operations/asyncArrayMap.ts","all":false,"statementMap":{"3":{"start":{"line":4,"column":0},"end":{"line":4,"column":53}},"4":{"start":{"line":5,"column":0},"end":{"line":5,"column":23}},"5":{"start":{"line":6,"column":0},"end":{"line":6,"column":51}},"6":{"start":{"line":7,"column":0},"end":{"line":7,"column":21}},"7":{"start":{"line":8,"column":0},"end":{"line":8,"column":3}},"8":{"start":{"line":9,"column":0},"end":{"line":9,"column":60}},"9":{"start":{"line":10,"column":0},"end":{"line":10,"column":1}}},"s":{"3":5,"4":5,"5":5,"6":5,"7":5,"8":5,"9":5},"branchMap":{"0":{"type":"branch","line":4,"loc":{"start":{"line":4,"column":0},"end":{"line":10,"column":1}},"locations":[{"start":{"line":4,"column":0},"end":{"line":10,"column":1}}]}},"b":{"0":[5]},"fnMap":{"0":{"name":"asyncArrayMap","decl":{"start":{"line":4,"column":0},"end":{"line":10,"column":1}},"loc":{"start":{"line":4,"column":0},"end":{"line":10,"column":1}},"line":4}},"f":{"0":5}}
,"/home/acathey/devel/mycode/js/by-engine/node/unnamedIteratorLibrary/src/main/arrays/operations/asyncArrayReduce.ts": {"path":"/home/acathey/devel/mycode/js/by-engine/node/unnamedIteratorLibrary/src/main/arrays/operations/asyncArrayReduce.ts","all":false,"statementMap":{"6":{"start":{"line":7,"column":0},"end":{"line":7,"column":49}},"7":{"start":{"line":8,"column":0},"end":{"line":8,"column":21}},"8":{"start":{"line":9,"column":0},"end":{"line":9,"column":89}},"10":{"start":{"line":11,"column":0},"end":{"line":11,"column":1}},"11":{"start":{"line":12,"column":0},"end":{"line":12,"column":59}},"12":{"start":{"line":13,"column":0},"end":{"line":13,"column":89}},"13":{"start":{"line":14,"column":0},"end":{"line":14,"column":93}},"15":{"start":{"line":16,"column":0},"end":{"line":16,"column":60}},"17":{"start":{"line":18,"column":0},"end":{"line":18,"column":100}},"18":{"start":{"line":19,"column":0},"end":{"line":19,"column":40}},"19":{"start":{"line":20,"column":0},"end":{"line":20,"column":75}},"20":{"start":{"line":21,"column":0},"end":{"line":21,"column":91}},"21":{"start":{"line":22,"column":0},"end":{"line":22,"column":5}},"22":{"start":{"line":23,"column":0},"end":{"line":23,"column":23}},"23":{"start":{"line":24,"column":0},"end":{"line":24,"column":3}},"24":{"start":{"line":25,"column":0},"end":{"line":25,"column":1}}},"s":{"6":5,"7":5,"8":5,"10":5,"11":5,"12":5,"13":5,"15":5,"17":5,"18":5,"19":5,"20":30,"21":30,"22":5,"23":5,"24":5},"branchMap":{"0":{"type":"branch","line":7,"loc":{"start":{"line":7,"column":0},"end":{"line":25,"column":1}},"locations":[{"start":{"line":7,"column":0},"end":{"line":25,"column":1}}]},"1":{"type":"branch","line":13,"loc":{"start":{"line":13,"column":43},"end":{"line":13,"column":68}},"locations":[{"start":{"line":13,"column":43},"end":{"line":13,"column":68}}]},"2":{"type":"branch","line":14,"loc":{"start":{"line":14,"column":43},"end":{"line":14,"column":81}},"locations":[{"start":{"line":14,"column":43},"end":{"line":14,"column":81}}]},"3":{"type":"branch","line":18,"loc":{"start":{"line":18,"column":2},"end":{"line":24,"column":3}},"locations":[{"start":{"line":18,"column":2},"end":{"line":24,"column":3}}]},"4":{"type":"branch","line":20,"loc":{"start":{"line":20,"column":74},"end":{"line":22,"column":5}},"locations":[{"start":{"line":20,"column":74},"end":{"line":22,"column":5}}]}},"b":{"0":[5],"1":[0],"2":[0],"3":[5],"4":[30]},"fnMap":{"0":{"name":"asyncArrayReduce","decl":{"start":{"line":7,"column":0},"end":{"line":25,"column":1}},"loc":{"start":{"line":7,"column":0},"end":{"line":25,"column":1}},"line":7},"1":{"name":"reduce","decl":{"start":{"line":18,"column":2},"end":{"line":24,"column":3}},"loc":{"start":{"line":18,"column":2},"end":{"line":24,"column":3}},"line":18}},"f":{"0":5,"1":5}}
,"/home/acathey/devel/mycode/js/by-engine/node/unnamedIteratorLibrary/src/main/arrays/types/index.ts": {"path":"/home/acathey/devel/mycode/js/by-engine/node/unnamedIteratorLibrary/src/main/arrays/types/index.ts","all":true,"statementMap":{},"s":{},"branchMap":{"0":{"type":"branch","line":1,"loc":{"start":{"line":1,"column":1548},"end":{"line":23,"column":69}},"locations":[{"start":{"line":1,"column":1548},"end":{"line":23,"column":69}}]}},"b":{"0":[1]},"fnMap":{"0":{"name":"(empty-report)","decl":{"start":{"line":1,"column":1548},"end":{"line":23,"column":69}},"loc":{"start":{"line":1,"column":1548},"end":{"line":23,"column":69}},"line":1}},"f":{"0":1}}
,"/home/acathey/devel/mycode/js/by-engine/node/unnamedIteratorLibrary/src/main/generators/range.ts": {"path":"/home/acathey/devel/mycode/js/by-engine/node/unnamedIteratorLibrary/src/main/generators/range.ts","all":false,"statementMap":{"0":{"start":{"line":1,"column":0},"end":{"line":1,"column":58}},"1":{"start":{"line":2,"column":0},"end":{"line":2,"column":55}},"2":{"start":{"line":3,"column":0},"end":{"line":3,"column":44}},"4":{"start":{"line":5,"column":0},"end":{"line":5,"column":18}},"5":{"start":{"line":6,"column":0},"end":{"line":6,"column":89}},"6":{"start":{"line":7,"column":0},"end":{"line":7,"column":20}},"7":{"start":{"line":8,"column":0},"end":{"line":8,"column":5}},"8":{"start":{"line":9,"column":0},"end":{"line":9,"column":3}},"9":{"start":{"line":10,"column":0},"end":{"line":10,"column":1}},"19":{"start":{"line":20,"column":0},"end":{"line":20,"column":63}},"20":{"start":{"line":21,"column":0},"end":{"line":21,"column":24}},"22":{"start":{"line":23,"column":0},"end":{"line":23,"column":26}},"23":{"start":{"line":24,"column":0},"end":{"line":24,"column":38}},"24":{"start":{"line":25,"column":0},"end":{"line":25,"column":33}},"25":{"start":{"line":26,"column":0},"end":{"line":26,"column":26}},"26":{"start":{"line":27,"column":0},"end":{"line":27,"column":53}},"27":{"start":{"line":28,"column":0},"end":{"line":28,"column":12}},"28":{"start":{"line":29,"column":0},"end":{"line":29,"column":16}},"29":{"start":{"line":30,"column":0},"end":{"line":30,"column":21}},"30":{"start":{"line":31,"column":0},"end":{"line":31,"column":29}},"31":{"start":{"line":32,"column":0},"end":{"line":32,"column":5}},"32":{"start":{"line":33,"column":0},"end":{"line":33,"column":33}},"33":{"start":{"line":34,"column":0},"end":{"line":34,"column":20}},"34":{"start":{"line":35,"column":0},"end":{"line":35,"column":19}},"35":{"start":{"line":36,"column":0},"end":{"line":36,"column":40}},"36":{"start":{"line":37,"column":0},"end":{"line":37,"column":10}},"37":{"start":{"line":38,"column":0},"end":{"line":38,"column":20}},"38":{"start":{"line":39,"column":0},"end":{"line":39,"column":19}},"39":{"start":{"line":40,"column":0},"end":{"line":40,"column":19}},"40":{"start":{"line":41,"column":0},"end":{"line":41,"column":3}},"42":{"start":{"line":43,"column":0},"end":{"line":43,"column":19}},"43":{"start":{"line":44,"column":0},"end":{"line":44,"column":59}},"44":{"start":{"line":45,"column":0},"end":{"line":45,"column":3}},"46":{"start":{"line":47,"column":0},"end":{"line":47,"column":31}},"47":{"start":{"line":48,"column":0},"end":{"line":48,"column":1}}},"s":{"0":24,"1":24,"2":24,"4":24,"5":16,"6":120,"7":120,"8":16,"9":24,"19":17,"20":17,"22":17,"23":10,"24":6,"25":6,"26":6,"27":10,"28":4,"29":4,"30":4,"31":4,"32":17,"33":5,"34":5,"35":5,"36":7,"37":2,"38":2,"39":2,"40":2,"42":17,"43":0,"44":0,"46":17,"47":17},"branchMap":{"0":{"type":"branch","line":1,"loc":{"start":{"line":1,"column":0},"end":{"line":10,"column":1}},"locations":[{"start":{"line":1,"column":0},"end":{"line":10,"column":1}}]},"1":{"type":"branch","line":5,"loc":{"start":{"line":5,"column":17},"end":{"line":9,"column":3}},"locations":[{"start":{"line":5,"column":17},"end":{"line":9,"column":3}}]},"2":{"type":"branch","line":6,"loc":{"start":{"line":6,"column":88},"end":{"line":8,"column":5}},"locations":[{"start":{"line":6,"column":88},"end":{"line":8,"column":5}}]},"3":{"type":"branch","line":20,"loc":{"start":{"line":20,"column":0},"end":{"line":48,"column":1}},"locations":[{"start":{"line":20,"column":0},"end":{"line":48,"column":1}}]},"4":{"type":"branch","line":23,"loc":{"start":{"line":23,"column":25},"end":{"line":33,"column":13}},"locations":[{"start":{"line":23,"column":25},"end":{"line":33,"column":13}}]},"5":{"type":"branch","line":24,"loc":{"start":{"line":24,"column":37},"end":{"line":28,"column":11}},"locations":[{"start":{"line":24,"column":37},"end":{"line":28,"column":11}}]},"6":{"type":"branch","line":27,"loc":{"start":{"line":27,"column":21},"end":{"line":27,"column":53}},"locations":[{"start":{"line":27,"column":21},"end":{"line":27,"column":53}}]},"7":{"type":"branch","line":28,"loc":{"start":{"line":28,"column":4},"end":{"line":32,"column":5}},"locations":[{"start":{"line":28,"column":4},"end":{"line":32,"column":5}}]},"8":{"type":"branch","line":33,"loc":{"start":{"line":33,"column":2},"end":{"line":41,"column":3}},"locations":[{"start":{"line":33,"column":2},"end":{"line":41,"column":3}}]},"9":{"type":"branch","line":33,"loc":{"start":{"line":33,"column":32},"end":{"line":37,"column":9}},"locations":[{"start":{"line":33,"column":32},"end":{"line":37,"column":9}}]},"10":{"type":"branch","line":36,"loc":{"start":{"line":36,"column":33},"end":{"line":36,"column":40}},"locations":[{"start":{"line":36,"column":33},"end":{"line":36,"column":40}}]},"11":{"type":"branch","line":37,"loc":{"start":{"line":37,"column":2},"end":{"line":41,"column":3}},"locations":[{"start":{"line":37,"column":2},"end":{"line":41,"column":3}}]},"12":{"type":"branch","line":43,"loc":{"start":{"line":43,"column":18},"end":{"line":45,"column":3}},"locations":[{"start":{"line":43,"column":18},"end":{"line":45,"column":3}}]}},"b":{"0":[24],"1":[16],"2":[120],"3":[17],"4":[10],"5":[6],"6":[4],"7":[4],"8":[7],"9":[5],"10":[1],"11":[2],"12":[0]},"fnMap":{"0":{"name":"range","decl":{"start":{"line":1,"column":0},"end":{"line":10,"column":1}},"loc":{"start":{"line":1,"column":0},"end":{"line":10,"column":1}},"line":1},"1":{"name":"toRangeObject","decl":{"start":{"line":20,"column":0},"end":{"line":48,"column":1}},"loc":{"start":{"line":20,"column":0},"end":{"line":48,"column":1}},"line":20}},"f":{"0":24,"1":17}}
,"/home/acathey/devel/mycode/js/by-engine/node/unnamedIteratorLibrary/src/main/iterators/iwrap.ts": {"path":"/home/acathey/devel/mycode/js/by-engine/node/unnamedIteratorLibrary/src/main/iterators/iwrap.ts","all":false,"statementMap":{"0":{"start":{"line":1,"column":0},"end":{"line":1,"column":66}},"2":{"start":{"line":3,"column":0},"end":{"line":3,"column":35}},"3":{"start":{"line":4,"column":0},"end":{"line":4,"column":130}},"4":{"start":{"line":5,"column":0},"end":{"line":5,"column":59}},"5":{"start":{"line":6,"column":0},"end":{"line":6,"column":4}},"6":{"start":{"line":7,"column":0},"end":{"line":7,"column":25}},"7":{"start":{"line":8,"column":0},"end":{"line":8,"column":2}}},"s":{"0":1,"2":1,"3":1,"4":12,"5":12,"6":1,"7":1},"branchMap":{"0":{"type":"branch","line":4,"loc":{"start":{"line":4,"column":2},"end":{"line":6,"column":4}},"locations":[{"start":{"line":4,"column":2},"end":{"line":6,"column":4}}]}},"b":{"0":[12]},"fnMap":{"0":{"name":"iwrap2","decl":{"start":{"line":4,"column":2},"end":{"line":6,"column":4}},"loc":{"start":{"line":4,"column":2},"end":{"line":6,"column":4}},"line":4}},"f":{"0":12}}
,"/home/acathey/devel/mycode/js/by-engine/node/unnamedIteratorLibrary/src/main/iterators/classes/WrappedAsyncIterator.ts": {"path":"/home/acathey/devel/mycode/js/by-engine/node/unnamedIteratorLibrary/src/main/iterators/classes/WrappedAsyncIterator.ts","all":false,"statementMap":{"0":{"start":{"line":1,"column":0},"end":{"line":1,"column":49}},"2":{"start":{"line":3,"column":0},"end":{"line":3,"column":120}},"3":{"start":{"line":4,"column":0},"end":{"line":4,"column":119}},"4":{"start":{"line":5,"column":0},"end":{"line":5,"column":111}},"5":{"start":{"line":6,"column":0},"end":{"line":6,"column":116}},"6":{"start":{"line":7,"column":0},"end":{"line":7,"column":68}},"9":{"start":{"line":10,"column":0},"end":{"line":10,"column":56}},"11":{"start":{"line":12,"column":0},"end":{"line":12,"column":78}},"12":{"start":{"line":13,"column":0},"end":{"line":13,"column":48}},"14":{"start":{"line":15,"column":0},"end":{"line":15,"column":1}},"15":{"start":{"line":16,"column":0},"end":{"line":16,"column":106}},"16":{"start":{"line":17,"column":0},"end":{"line":17,"column":13}},"17":{"start":{"line":18,"column":0},"end":{"line":18,"column":3}},"19":{"start":{"line":20,"column":0},"end":{"line":20,"column":41}},"20":{"start":{"line":21,"column":0},"end":{"line":21,"column":54}},"21":{"start":{"line":22,"column":0},"end":{"line":22,"column":3}},"23":{"start":{"line":24,"column":0},"end":{"line":24,"column":14}},"24":{"start":{"line":25,"column":0},"end":{"line":25,"column":73}},"25":{"start":{"line":26,"column":0},"end":{"line":26,"column":3}},"27":{"start":{"line":28,"column":0},"end":{"line":28,"column":28}},"28":{"start":{"line":29,"column":0},"end":{"line":29,"column":16}},"29":{"start":{"line":30,"column":0},"end":{"line":30,"column":3}},"31":{"start":{"line":32,"column":0},"end":{"line":32,"column":13}},"32":{"start":{"line":33,"column":0},"end":{"line":33,"column":16}},"33":{"start":{"line":34,"column":0},"end":{"line":34,"column":3}},"35":{"start":{"line":36,"column":0},"end":{"line":36,"column":22}},"36":{"start":{"line":37,"column":0},"end":{"line":37,"column":46}},"37":{"start":{"line":38,"column":0},"end":{"line":38,"column":3}},"39":{"start":{"line":40,"column":0},"end":{"line":40,"column":80}},"40":{"start":{"line":41,"column":0},"end":{"line":41,"column":69}},"41":{"start":{"line":42,"column":0},"end":{"line":42,"column":67}},"42":{"start":{"line":43,"column":0},"end":{"line":43,"column":3}},"44":{"start":{"line":45,"column":0},"end":{"line":45,"column":88}},"45":{"start":{"line":46,"column":0},"end":{"line":46,"column":67}},"46":{"start":{"line":47,"column":0},"end":{"line":47,"column":3}},"48":{"start":{"line":49,"column":0},"end":{"line":49,"column":79}},"49":{"start":{"line":50,"column":0},"end":{"line":50,"column":62}},"50":{"start":{"line":51,"column":0},"end":{"line":51,"column":3}},"52":{"start":{"line":53,"column":0},"end":{"line":53,"column":102}},"53":{"start":{"line":54,"column":0},"end":{"line":54,"column":82}},"54":{"start":{"line":55,"column":0},"end":{"line":55,"column":3}},"56":{"start":{"line":57,"column":0},"end":{"line":57,"column":93}},"57":{"start":{"line":58,"column":0},"end":{"line":58,"column":85}},"58":{"start":{"line":59,"column":0},"end":{"line":59,"column":3}},"60":{"start":{"line":61,"column":0},"end":{"line":61,"column":147}},"61":{"start":{"line":62,"column":0},"end":{"line":62,"column":70}},"62":{"start":{"line":63,"column":0},"end":{"line":63,"column":3}},"64":{"start":{"line":65,"column":0},"end":{"line":65,"column":97}},"65":{"start":{"line":66,"column":0},"end":{"line":66,"column":59}},"66":{"start":{"line":67,"column":0},"end":{"line":67,"column":3}},"68":{"start":{"line":69,"column":0},"end":{"line":69,"column":19}},"69":{"start":{"line":70,"column":0},"end":{"line":70,"column":28}},"70":{"start":{"line":71,"column":0},"end":{"line":71,"column":71}},"71":{"start":{"line":72,"column":0},"end":{"line":72,"column":92}},"72":{"start":{"line":73,"column":0},"end":{"line":73,"column":3}},"74":{"start":{"line":75,"column":0},"end":{"line":75,"column":49}},"75":{"start":{"line":76,"column":0},"end":{"line":76,"column":47}},"76":{"start":{"line":77,"column":0},"end":{"line":77,"column":3}},"79":{"start":{"line":80,"column":0},"end":{"line":80,"column":22}},"80":{"start":{"line":81,"column":0},"end":{"line":81,"column":2}}},"s":{"0":1,"2":1,"3":1,"4":1,"5":1,"6":1,"9":1,"11":1,"12":1,"14":1,"15":1,"16":1,"17":1,"19":1,"20":0,"21":0,"23":1,"24":0,"25":0,"27":1,"28":0,"29":0,"31":1,"32":1,"33":1,"35":1,"36":0,"37":0,"39":1,"40":0,"41":0,"42":0,"44":1,"45":0,"46":0,"48":1,"49":0,"50":0,"52":1,"53":0,"54":0,"56":1,"57":0,"58":0,"60":1,"61":0,"62":0,"64":1,"65":0,"66":0,"68":1,"69":0,"70":0,"71":0,"72":0,"74":1,"75":0,"76":0,"79":1,"80":1},"branchMap":{"0":{"type":"branch","line":16,"loc":{"start":{"line":16,"column":2},"end":{"line":18,"column":3}},"locations":[{"start":{"line":16,"column":2},"end":{"line":18,"column":3}}]},"1":{"type":"branch","line":32,"loc":{"start":{"line":32,"column":2},"end":{"line":34,"column":3}},"locations":[{"start":{"line":32,"column":2},"end":{"line":34,"column":3}}]},"2":{"type":"branch","line":80,"loc":{"start":{"line":80,"column":2},"end":{"line":80,"column":22}},"locations":[{"start":{"line":80,"column":2},"end":{"line":80,"column":22}}]}},"b":{"0":[1],"1":[1],"2":[4]},"fnMap":{"0":{"name":"WrappedAsyncIterator","decl":{"start":{"line":16,"column":2},"end":{"line":18,"column":3}},"loc":{"start":{"line":16,"column":2},"end":{"line":18,"column":3}},"line":16},"1":{"name":"assumeInfinite","decl":{"start":{"line":20,"column":2},"end":{"line":22,"column":3}},"loc":{"start":{"line":20,"column":2},"end":{"line":22,"column":3}},"line":20},"2":{"name":"iterator","decl":{"start":{"line":24,"column":2},"end":{"line":26,"column":3}},"loc":{"start":{"line":24,"column":2},"end":{"line":26,"column":3}},"line":24},"3":{"name":"isAsync","decl":{"start":{"line":32,"column":2},"end":{"line":34,"column":3}},"loc":{"start":{"line":32,"column":2},"end":{"line":34,"column":3}},"line":32},"4":{"name":"push","decl":{"start":{"line":36,"column":2},"end":{"line":38,"column":3}},"loc":{"start":{"line":36,"column":2},"end":{"line":38,"column":3}},"line":36},"5":{"name":"next","decl":{"start":{"line":40,"column":2},"end":{"line":43,"column":3}},"loc":{"start":{"line":40,"column":2},"end":{"line":43,"column":3}},"line":40},"6":{"name":"return","decl":{"start":{"line":45,"column":2},"end":{"line":47,"column":3}},"loc":{"start":{"line":45,"column":2},"end":{"line":47,"column":3}},"line":45},"7":{"name":"throw","decl":{"start":{"line":49,"column":2},"end":{"line":51,"column":3}},"loc":{"start":{"line":49,"column":2},"end":{"line":51,"column":3}},"line":49},"8":{"name":"map","decl":{"start":{"line":53,"column":2},"end":{"line":55,"column":3}},"loc":{"start":{"line":53,"column":2},"end":{"line":55,"column":3}},"line":53},"9":{"name":"filter","decl":{"start":{"line":57,"column":2},"end":{"line":59,"column":3}},"loc":{"start":{"line":57,"column":2},"end":{"line":59,"column":3}},"line":57},"10":{"name":"reduce","decl":{"start":{"line":61,"column":2},"end":{"line":63,"column":3}},"loc":{"start":{"line":61,"column":2},"end":{"line":63,"column":3}},"line":61},"11":{"name":"forEach","decl":{"start":{"line":65,"column":2},"end":{"line":67,"column":3}},"loc":{"start":{"line":65,"column":2},"end":{"line":67,"column":3}},"line":65},"12":{"name":"collect","decl":{"start":{"line":69,"column":2},"end":{"line":73,"column":3}},"loc":{"start":{"line":69,"column":2},"end":{"line":73,"column":3}},"line":69},"13":{"name":"collectInto","decl":{"start":{"line":75,"column":2},"end":{"line":77,"column":3}},"loc":{"start":{"line":75,"column":2},"end":{"line":77,"column":3}},"line":75},"14":{"name":"<static_initializer>","decl":{"start":{"line":80,"column":2},"end":{"line":80,"column":22}},"loc":{"start":{"line":80,"column":2},"end":{"line":80,"column":22}},"line":80}},"f":{"0":1,"1":0,"2":0,"3":1,"4":0,"5":0,"6":0,"7":0,"8":0,"9":0,"10":0,"11":0,"12":0,"13":0,"14":4}}
,"/home/acathey/devel/mycode/js/by-engine/node/unnamedIteratorLibrary/src/main/iterators/classes/WrappedIterator.ts": {"path":"/home/acathey/devel/mycode/js/by-engine/node/unnamedIteratorLibrary/src/main/iterators/classes/WrappedIterator.ts","all":false,"statementMap":{"0":{"start":{"line":1,"column":0},"end":{"line":1,"column":49}},"2":{"start":{"line":3,"column":0},"end":{"line":3,"column":104}},"3":{"start":{"line":4,"column":0},"end":{"line":4,"column":103}},"4":{"start":{"line":5,"column":0},"end":{"line":5,"column":95}},"5":{"start":{"line":6,"column":0},"end":{"line":6,"column":100}},"6":{"start":{"line":7,"column":0},"end":{"line":7,"column":70}},"8":{"start":{"line":9,"column":0},"end":{"line":9,"column":63}},"9":{"start":{"line":10,"column":0},"end":{"line":10,"column":70}},"10":{"start":{"line":11,"column":0},"end":{"line":11,"column":76}},"14":{"start":{"line":15,"column":0},"end":{"line":15,"column":58}},"15":{"start":{"line":16,"column":0},"end":{"line":16,"column":56}},"17":{"start":{"line":18,"column":0},"end":{"line":18,"column":73}},"18":{"start":{"line":19,"column":0},"end":{"line":19,"column":48}},"20":{"start":{"line":21,"column":0},"end":{"line":21,"column":1}},"21":{"start":{"line":22,"column":0},"end":{"line":22,"column":72}},"22":{"start":{"line":23,"column":0},"end":{"line":23,"column":25}},"23":{"start":{"line":24,"column":0},"end":{"line":24,"column":3}},"25":{"start":{"line":26,"column":0},"end":{"line":26,"column":13}},"26":{"start":{"line":27,"column":0},"end":{"line":27,"column":17}},"27":{"start":{"line":28,"column":0},"end":{"line":28,"column":3}},"29":{"start":{"line":30,"column":0},"end":{"line":30,"column":41}},"30":{"start":{"line":31,"column":0},"end":{"line":31,"column":54}},"31":{"start":{"line":32,"column":0},"end":{"line":32,"column":3}},"33":{"start":{"line":34,"column":0},"end":{"line":34,"column":14}},"34":{"start":{"line":35,"column":0},"end":{"line":35,"column":59}},"35":{"start":{"line":36,"column":0},"end":{"line":36,"column":3}},"37":{"start":{"line":38,"column":0},"end":{"line":38,"column":23}},"38":{"start":{"line":39,"column":0},"end":{"line":39,"column":16}},"39":{"start":{"line":40,"column":0},"end":{"line":40,"column":3}},"41":{"start":{"line":42,"column":0},"end":{"line":42,"column":22}},"42":{"start":{"line":43,"column":0},"end":{"line":43,"column":46}},"43":{"start":{"line":44,"column":0},"end":{"line":44,"column":3}},"45":{"start":{"line":46,"column":0},"end":{"line":46,"column":56}},"46":{"start":{"line":47,"column":0},"end":{"line":47,"column":30}},"47":{"start":{"line":48,"column":0},"end":{"line":48,"column":61}},"48":{"start":{"line":49,"column":0},"end":{"line":49,"column":3}},"50":{"start":{"line":51,"column":0},"end":{"line":51,"column":64}},"51":{"start":{"line":52,"column":0},"end":{"line":52,"column":56}},"52":{"start":{"line":53,"column":0},"end":{"line":53,"column":3}},"54":{"start":{"line":55,"column":0},"end":{"line":55,"column":55}},"55":{"start":{"line":56,"column":0},"end":{"line":56,"column":51}},"56":{"start":{"line":57,"column":0},"end":{"line":57,"column":3}},"58":{"start":{"line":59,"column":0},"end":{"line":59,"column":71}},"59":{"start":{"line":60,"column":0},"end":{"line":60,"column":80}},"60":{"start":{"line":61,"column":0},"end":{"line":61,"column":3}},"62":{"start":{"line":63,"column":0},"end":{"line":63,"column":158}},"63":{"start":{"line":64,"column":0},"end":{"line":64,"column":91}},"64":{"start":{"line":65,"column":0},"end":{"line":65,"column":3}},"66":{"start":{"line":67,"column":0},"end":{"line":67,"column":124}},"67":{"start":{"line":68,"column":0},"end":{"line":68,"column":94}},"68":{"start":{"line":69,"column":0},"end":{"line":69,"column":3}},"70":{"start":{"line":71,"column":0},"end":{"line":71,"column":127}},"71":{"start":{"line":72,"column":0},"end":{"line":72,"column":59}},"72":{"start":{"line":73,"column":0},"end":{"line":73,"column":3}},"74":{"start":{"line":75,"column":0},"end":{"line":75,"column":86}},"75":{"start":{"line":76,"column":0},"end":{"line":76,"column":48}},"76":{"start":{"line":77,"column":0},"end":{"line":77,"column":3}},"78":{"start":{"line":79,"column":0},"end":{"line":79,"column":18}},"79":{"start":{"line":80,"column":0},"end":{"line":80,"column":107}},"80":{"start":{"line":81,"column":0},"end":{"line":81,"column":3}},"82":{"start":{"line":83,"column":0},"end":{"line":83,"column":43}},"83":{"start":{"line":84,"column":0},"end":{"line":84,"column":36}},"84":{"start":{"line":85,"column":0},"end":{"line":85,"column":3}},"86":{"start":{"line":87,"column":0},"end":{"line":87,"column":11}},"87":{"start":{"line":88,"column":0},"end":{"line":88,"column":59}},"88":{"start":{"line":89,"column":0},"end":{"line":89,"column":3}},"91":{"start":{"line":92,"column":0},"end":{"line":92,"column":20}},"92":{"start":{"line":93,"column":0},"end":{"line":93,"column":25}},"93":{"start":{"line":94,"column":0},"end":{"line":94,"column":139}},"94":{"start":{"line":95,"column":0},"end":{"line":95,"column":68}},"95":{"start":{"line":96,"column":0},"end":{"line":96,"column":8}},"96":{"start":{"line":97,"column":0},"end":{"line":97,"column":34}},"97":{"start":{"line":98,"column":0},"end":{"line":98,"column":6}},"98":{"start":{"line":99,"column":0},"end":{"line":99,"column":4}},"99":{"start":{"line":100,"column":0},"end":{"line":100,"column":2}}},"s":{"0":1,"2":1,"3":1,"4":1,"5":1,"6":1,"8":1,"9":1,"10":1,"14":1,"15":1,"17":1,"18":1,"20":1,"21":1,"22":31,"23":31,"25":1,"26":1,"27":1,"29":1,"30":4,"31":4,"33":1,"34":8,"35":8,"37":1,"38":0,"39":0,"41":1,"42":1,"43":1,"45":1,"46":0,"47":0,"48":0,"50":1,"51":0,"52":0,"54":1,"55":0,"56":0,"58":1,"59":0,"60":0,"62":1,"63":0,"64":0,"66":1,"67":0,"68":0,"70":1,"71":0,"72":0,"74":1,"75":0,"76":0,"78":1,"79":0,"80":0,"82":1,"83":0,"84":0,"86":1,"87":1,"88":1,"91":1,"92":3,"93":3,"94":0,"95":0,"96":3,"97":3,"98":3,"99":1},"branchMap":{"0":{"type":"branch","line":22,"loc":{"start":{"line":22,"column":2},"end":{"line":24,"column":3}},"locations":[{"start":{"line":22,"column":2},"end":{"line":24,"column":3}}]},"1":{"type":"branch","line":26,"loc":{"start":{"line":26,"column":2},"end":{"line":28,"column":3}},"locations":[{"start":{"line":26,"column":2},"end":{"line":28,"column":3}}]},"2":{"type":"branch","line":30,"loc":{"start":{"line":30,"column":2},"end":{"line":32,"column":3}},"locations":[{"start":{"line":30,"column":2},"end":{"line":32,"column":3}}]},"3":{"type":"branch","line":34,"loc":{"start":{"line":34,"column":2},"end":{"line":36,"column":3}},"locations":[{"start":{"line":34,"column":2},"end":{"line":36,"column":3}}]},"4":{"type":"branch","line":42,"loc":{"start":{"line":42,"column":2},"end":{"line":44,"column":3}},"locations":[{"start":{"line":42,"column":2},"end":{"line":44,"column":3}}]},"5":{"type":"branch","line":87,"loc":{"start":{"line":87,"column":2},"end":{"line":89,"column":3}},"locations":[{"start":{"line":87,"column":2},"end":{"line":89,"column":3}}]},"6":{"type":"branch","line":92,"loc":{"start":{"line":92,"column":2},"end":{"line":99,"column":4}},"locations":[{"start":{"line":92,"column":2},"end":{"line":99,"column":4}}]}},"b":{"0":[31],"1":[1],"2":[4],"3":[8],"4":[1],"5":[1],"6":[3]},"fnMap":{"0":{"name":"WrappedIterator","decl":{"start":{"line":22,"column":2},"end":{"line":24,"column":3}},"loc":{"start":{"line":22,"column":2},"end":{"line":24,"column":3}},"line":22},"1":{"name":"isAsync","decl":{"start":{"line":26,"column":2},"end":{"line":28,"column":3}},"loc":{"start":{"line":26,"column":2},"end":{"line":28,"column":3}},"line":26},"2":{"name":"assumeInfinite","decl":{"start":{"line":30,"column":2},"end":{"line":32,"column":3}},"loc":{"start":{"line":30,"column":2},"end":{"line":32,"column":3}},"line":30},"3":{"name":"iterator","decl":{"start":{"line":34,"column":2},"end":{"line":36,"column":3}},"loc":{"start":{"line":34,"column":2},"end":{"line":36,"column":3}},"line":34},"4":{"name":"push","decl":{"start":{"line":42,"column":2},"end":{"line":44,"column":3}},"loc":{"start":{"line":42,"column":2},"end":{"line":44,"column":3}},"line":42},"5":{"name":"next","decl":{"start":{"line":46,"column":2},"end":{"line":49,"column":3}},"loc":{"start":{"line":46,"column":2},"end":{"line":49,"column":3}},"line":46},"6":{"name":"return","decl":{"start":{"line":51,"column":2},"end":{"line":53,"column":3}},"loc":{"start":{"line":51,"column":2},"end":{"line":53,"column":3}},"line":51},"7":{"name":"throw","decl":{"start":{"line":55,"column":2},"end":{"line":57,"column":3}},"loc":{"start":{"line":55,"column":2},"end":{"line":57,"column":3}},"line":55},"8":{"name":"chain","decl":{"start":{"line":59,"column":2},"end":{"line":61,"column":3}},"loc":{"start":{"line":59,"column":2},"end":{"line":61,"column":3}},"line":59},"9":{"name":"map","decl":{"start":{"line":63,"column":2},"end":{"line":65,"column":3}},"loc":{"start":{"line":63,"column":2},"end":{"line":65,"column":3}},"line":63},"10":{"name":"filter","decl":{"start":{"line":67,"column":2},"end":{"line":69,"column":3}},"loc":{"start":{"line":67,"column":2},"end":{"line":69,"column":3}},"line":67},"11":{"name":"reduce","decl":{"start":{"line":71,"column":2},"end":{"line":73,"column":3}},"loc":{"start":{"line":71,"column":2},"end":{"line":73,"column":3}},"line":71},"12":{"name":"forEach","decl":{"start":{"line":75,"column":2},"end":{"line":77,"column":3}},"loc":{"start":{"line":75,"column":2},"end":{"line":77,"column":3}},"line":75},"13":{"name":"collect","decl":{"start":{"line":79,"column":2},"end":{"line":81,"column":3}},"loc":{"start":{"line":79,"column":2},"end":{"line":81,"column":3}},"line":79},"14":{"name":"collectInto","decl":{"start":{"line":83,"column":2},"end":{"line":85,"column":3}},"loc":{"start":{"line":83,"column":2},"end":{"line":85,"column":3}},"line":83},"15":{"name":"async","decl":{"start":{"line":87,"column":2},"end":{"line":89,"column":3}},"loc":{"start":{"line":87,"column":2},"end":{"line":89,"column":3}},"line":87},"16":{"name":"<static_initializer>","decl":{"start":{"line":92,"column":2},"end":{"line":99,"column":4}},"loc":{"start":{"line":92,"column":2},"end":{"line":99,"column":4}},"line":92},"17":{"name":"async","decl":{"start":{"line":94,"column":6},"end":{"line":96,"column":8}},"loc":{"start":{"line":94,"column":6},"end":{"line":96,"column":8}},"line":94}},"f":{"0":31,"1":1,"2":4,"3":8,"4":1,"5":0,"6":0,"7":0,"8":0,"9":0,"10":0,"11":0,"12":0,"13":0,"14":0,"15":1,"16":3,"17":0}}
,"/home/acathey/devel/mycode/js/by-engine/node/unnamedIteratorLibrary/src/main/iterators/classes/WrappedIteratorBase.ts": {"path":"/home/acathey/devel/mycode/js/by-engine/node/unnamedIteratorLibrary/src/main/iterators/classes/WrappedIteratorBase.ts","all":false,"statementMap":{"0":{"start":{"line":1,"column":0},"end":{"line":1,"column":70}},"1":{"start":{"line":2,"column":0},"end":{"line":2,"column":41}},"3":{"start":{"line":4,"column":0},"end":{"line":4,"column":27}},"5":{"start":{"line":6,"column":0},"end":{"line":6,"column":98}},"6":{"start":{"line":7,"column":0},"end":{"line":7,"column":30}},"7":{"start":{"line":8,"column":0},"end":{"line":8,"column":3}},"9":{"start":{"line":10,"column":0},"end":{"line":10,"column":14}},"10":{"start":{"line":11,"column":0},"end":{"line":11,"column":26}},"11":{"start":{"line":12,"column":0},"end":{"line":12,"column":3}},"15":{"start":{"line":16,"column":0},"end":{"line":16,"column":48}},"16":{"start":{"line":17,"column":0},"end":{"line":17,"column":40}},"17":{"start":{"line":18,"column":0},"end":{"line":18,"column":16}},"18":{"start":{"line":19,"column":0},"end":{"line":19,"column":3}},"20":{"start":{"line":21,"column":0},"end":{"line":21,"column":23}},"21":{"start":{"line":22,"column":0},"end":{"line":22,"column":39}},"22":{"start":{"line":23,"column":0},"end":{"line":23,"column":3}},"24":{"start":{"line":25,"column":0},"end":{"line":25,"column":24}},"25":{"start":{"line":26,"column":0},"end":{"line":26,"column":30}},"26":{"start":{"line":27,"column":0},"end":{"line":27,"column":3}},"28":{"start":{"line":29,"column":0},"end":{"line":29,"column":23}},"29":{"start":{"line":30,"column":0},"end":{"line":30,"column":29}},"30":{"start":{"line":31,"column":0},"end":{"line":31,"column":3}},"32":{"start":{"line":33,"column":0},"end":{"line":33,"column":51}},"33":{"start":{"line":34,"column":0},"end":{"line":34,"column":54}},"34":{"start":{"line":35,"column":0},"end":{"line":35,"column":3}},"36":{"start":{"line":37,"column":0},"end":{"line":37,"column":22}},"37":{"start":{"line":38,"column":0},"end":{"line":38,"column":30}},"38":{"start":{"line":39,"column":0},"end":{"line":39,"column":16}},"39":{"start":{"line":40,"column":0},"end":{"line":40,"column":3}},"41":{"start":{"line":42,"column":0},"end":{"line":42,"column":9}},"42":{"start":{"line":43,"column":0},"end":{"line":43,"column":90}},"43":{"start":{"line":44,"column":0},"end":{"line":44,"column":48}},"44":{"start":{"line":45,"column":0},"end":{"line":45,"column":3}},"45":{"start":{"line":46,"column":0},"end":{"line":46,"column":1}}},"s":{"0":1,"1":1,"3":1,"5":1,"6":32,"7":32,"9":1,"10":8,"11":8,"15":1,"16":4,"17":4,"18":4,"20":1,"21":6,"22":6,"24":1,"25":1,"26":1,"28":1,"29":1,"30":1,"32":1,"33":2,"34":2,"36":1,"37":1,"38":1,"39":1,"41":1,"42":1,"43":1,"44":1,"45":1},"branchMap":{"0":{"type":"branch","line":6,"loc":{"start":{"line":6,"column":2},"end":{"line":8,"column":3}},"locations":[{"start":{"line":6,"column":2},"end":{"line":8,"column":3}}]},"1":{"type":"branch","line":10,"loc":{"start":{"line":10,"column":2},"end":{"line":12,"column":3}},"locations":[{"start":{"line":10,"column":2},"end":{"line":12,"column":3}}]},"2":{"type":"branch","line":16,"loc":{"start":{"line":16,"column":9},"end":{"line":19,"column":3}},"locations":[{"start":{"line":16,"column":9},"end":{"line":19,"column":3}}]},"3":{"type":"branch","line":21,"loc":{"start":{"line":21,"column":9},"end":{"line":23,"column":3}},"locations":[{"start":{"line":21,"column":9},"end":{"line":23,"column":3}}]},"4":{"type":"branch","line":25,"loc":{"start":{"line":25,"column":2},"end":{"line":27,"column":3}},"locations":[{"start":{"line":25,"column":2},"end":{"line":27,"column":3}}]},"5":{"type":"branch","line":29,"loc":{"start":{"line":29,"column":2},"end":{"line":31,"column":3}},"locations":[{"start":{"line":29,"column":2},"end":{"line":31,"column":3}}]},"6":{"type":"branch","line":33,"loc":{"start":{"line":33,"column":10},"end":{"line":35,"column":3}},"locations":[{"start":{"line":33,"column":10},"end":{"line":35,"column":3}}]},"7":{"type":"branch","line":37,"loc":{"start":{"line":37,"column":2},"end":{"line":40,"column":3}},"locations":[{"start":{"line":37,"column":2},"end":{"line":40,"column":3}}]},"8":{"type":"branch","line":42,"loc":{"start":{"line":42,"column":2},"end":{"line":45,"column":3}},"locations":[{"start":{"line":42,"column":2},"end":{"line":45,"column":3}}]},"9":{"type":"branch","line":43,"loc":{"start":{"line":43,"column":40},"end":{"line":43,"column":61}},"locations":[{"start":{"line":43,"column":40},"end":{"line":43,"column":61}}]}},"b":{"0":[32],"1":[8],"2":[4],"3":[6],"4":[1],"5":[1],"6":[2],"7":[1],"8":[1],"9":[0]},"fnMap":{"0":{"name":"WrappedIteratorBase","decl":{"start":{"line":6,"column":2},"end":{"line":8,"column":3}},"loc":{"start":{"line":6,"column":2},"end":{"line":8,"column":3}},"line":6},"1":{"name":"iterator","decl":{"start":{"line":10,"column":2},"end":{"line":12,"column":3}},"loc":{"start":{"line":10,"column":2},"end":{"line":12,"column":3}},"line":10},"2":{"name":"assumeInfinite","decl":{"start":{"line":16,"column":9},"end":{"line":19,"column":3}},"loc":{"start":{"line":16,"column":9},"end":{"line":19,"column":3}},"line":16},"3":{"name":"isInfinite","decl":{"start":{"line":21,"column":9},"end":{"line":23,"column":3}},"loc":{"start":{"line":21,"column":9},"end":{"line":23,"column":3}},"line":21},"4":{"name":"hasReturn","decl":{"start":{"line":25,"column":2},"end":{"line":27,"column":3}},"loc":{"start":{"line":25,"column":2},"end":{"line":27,"column":3}},"line":25},"5":{"name":"hasThrow","decl":{"start":{"line":29,"column":2},"end":{"line":31,"column":3}},"loc":{"start":{"line":29,"column":2},"end":{"line":31,"column":3}},"line":29},"6":{"name":"has","decl":{"start":{"line":33,"column":10},"end":{"line":35,"column":3}},"loc":{"start":{"line":33,"column":10},"end":{"line":35,"column":3}},"line":33},"7":{"name":"push","decl":{"start":{"line":37,"column":2},"end":{"line":40,"column":3}},"loc":{"start":{"line":37,"column":2},"end":{"line":40,"column":3}},"line":37},"8":{"name":"pop","decl":{"start":{"line":42,"column":2},"end":{"line":45,"column":3}},"loc":{"start":{"line":42,"column":2},"end":{"line":45,"column":3}},"line":42}},"f":{"0":32,"1":8,"2":4,"3":6,"4":1,"5":1,"6":2,"7":1,"8":1}}
,"/home/acathey/devel/mycode/js/by-engine/node/unnamedIteratorLibrary/src/main/iterators/operations/async/iteratorFilterAsync.ts": {"path":"/home/acathey/devel/mycode/js/by-engine/node/unnamedIteratorLibrary/src/main/iterators/operations/async/iteratorFilterAsync.ts","all":false,"statementMap":{"0":{"start":{"line":1,"column":0},"end":{"line":1,"column":62}},"2":{"start":{"line":3,"column":0},"end":{"line":3,"column":88}},"3":{"start":{"line":4,"column":0},"end":{"line":4,"column":48}},"4":{"start":{"line":5,"column":0},"end":{"line":5,"column":63}},"5":{"start":{"line":6,"column":0},"end":{"line":6,"column":21}},"6":{"start":{"line":7,"column":0},"end":{"line":7,"column":3}},"7":{"start":{"line":8,"column":0},"end":{"line":8,"column":47}},"8":{"start":{"line":9,"column":0},"end":{"line":9,"column":124}},"9":{"start":{"line":10,"column":0},"end":{"line":10,"column":61}},"10":{"start":{"line":11,"column":0},"end":{"line":11,"column":27}},"11":{"start":{"line":12,"column":0},"end":{"line":12,"column":5}},"12":{"start":{"line":13,"column":0},"end":{"line":13,"column":3}},"13":{"start":{"line":14,"column":0},"end":{"line":14,"column":1}}},"s":{"0":1,"2":1,"3":1,"4":1,"5":1,"6":1,"7":1,"8":1,"9":10,"10":5,"11":5,"12":10,"13":1},"branchMap":{"0":{"type":"branch","line":3,"loc":{"start":{"line":3,"column":0},"end":{"line":14,"column":1}},"locations":[{"start":{"line":3,"column":0},"end":{"line":14,"column":1}}]},"1":{"type":"branch","line":9,"loc":{"start":{"line":9,"column":110},"end":{"line":13,"column":3}},"locations":[{"start":{"line":9,"column":110},"end":{"line":13,"column":3}}]},"2":{"type":"branch","line":10,"loc":{"start":{"line":10,"column":60},"end":{"line":12,"column":5}},"locations":[{"start":{"line":10,"column":60},"end":{"line":12,"column":5}}]}},"b":{"0":[1],"1":[10],"2":[5]},"fnMap":{"0":{"name":"iteratorFilterAsync","decl":{"start":{"line":3,"column":0},"end":{"line":14,"column":1}},"loc":{"start":{"line":3,"column":0},"end":{"line":14,"column":1}},"line":3}},"f":{"0":1}}
,"/home/acathey/devel/mycode/js/by-engine/node/unnamedIteratorLibrary/src/main/iterators/operations/async/iteratorForEachAsync.ts": {"path":"/home/acathey/devel/mycode/js/by-engine/node/unnamedIteratorLibrary/src/main/iterators/operations/async/iteratorForEachAsync.ts","all":false,"statementMap":{"0":{"start":{"line":1,"column":0},"end":{"line":1,"column":62}},"2":{"start":{"line":3,"column":0},"end":{"line":3,"column":88}},"3":{"start":{"line":4,"column":0},"end":{"line":4,"column":48}},"4":{"start":{"line":5,"column":0},"end":{"line":5,"column":60}},"5":{"start":{"line":6,"column":0},"end":{"line":6,"column":21}},"6":{"start":{"line":7,"column":0},"end":{"line":7,"column":3}},"7":{"start":{"line":8,"column":0},"end":{"line":8,"column":47}},"8":{"start":{"line":9,"column":0},"end":{"line":9,"column":122}},"9":{"start":{"line":10,"column":0},"end":{"line":10,"column":55}},"10":{"start":{"line":11,"column":0},"end":{"line":11,"column":3}},"11":{"start":{"line":12,"column":0},"end":{"line":12,"column":1}}},"s":{"0":1,"2":1,"3":1,"4":1,"5":1,"6":1,"7":1,"8":1,"9":10,"10":10,"11":1},"branchMap":{"0":{"type":"branch","line":3,"loc":{"start":{"line":3,"column":0},"end":{"line":12,"column":1}},"locations":[{"start":{"line":3,"column":0},"end":{"line":12,"column":1}}]},"1":{"type":"branch","line":9,"loc":{"start":{"line":9,"column":118},"end":{"line":11,"column":3}},"locations":[{"start":{"line":9,"column":118},"end":{"line":11,"column":3}}]}},"b":{"0":[1],"1":[10]},"fnMap":{"0":{"name":"iteratorForEachAsync","decl":{"start":{"line":3,"column":0},"end":{"line":12,"column":1}},"loc":{"start":{"line":3,"column":0},"end":{"line":12,"column":1}},"line":3}},"f":{"0":1}}
,"/home/acathey/devel/mycode/js/by-engine/node/unnamedIteratorLibrary/src/main/iterators/operations/async/iteratorMapAsync.ts": {"path":"/home/acathey/devel/mycode/js/by-engine/node/unnamedIteratorLibrary/src/main/iterators/operations/async/iteratorMapAsync.ts","all":false,"statementMap":{"0":{"start":{"line":1,"column":0},"end":{"line":1,"column":86}},"1":{"start":{"line":2,"column":0},"end":{"line":2,"column":62}},"3":{"start":{"line":4,"column":0},"end":{"line":4,"column":94}},"4":{"start":{"line":5,"column":0},"end":{"line":5,"column":86}},"5":{"start":{"line":6,"column":0},"end":{"line":6,"column":63}},"6":{"start":{"line":7,"column":0},"end":{"line":7,"column":21}},"7":{"start":{"line":8,"column":0},"end":{"line":8,"column":3}},"8":{"start":{"line":9,"column":0},"end":{"line":9,"column":47}},"9":{"start":{"line":10,"column":0},"end":{"line":10,"column":122}},"10":{"start":{"line":11,"column":0},"end":{"line":11,"column":61}},"11":{"start":{"line":12,"column":0},"end":{"line":12,"column":3}},"12":{"start":{"line":13,"column":0},"end":{"line":13,"column":1}}},"s":{"0":1,"1":1,"3":1,"4":1,"5":1,"6":1,"7":1,"8":1,"9":1,"10":10,"11":10,"12":1},"branchMap":{"0":{"type":"branch","line":4,"loc":{"start":{"line":4,"column":0},"end":{"line":13,"column":1}},"locations":[{"start":{"line":4,"column":0},"end":{"line":13,"column":1}}]},"1":{"type":"branch","line":10,"loc":{"start":{"line":10,"column":118},"end":{"line":12,"column":3}},"locations":[{"start":{"line":10,"column":118},"end":{"line":12,"column":3}}]}},"b":{"0":[1],"1":[10]},"fnMap":{"0":{"name":"iteratorMapAsync","decl":{"start":{"line":4,"column":0},"end":{"line":13,"column":1}},"loc":{"start":{"line":4,"column":0},"end":{"line":13,"column":1}},"line":4}},"f":{"0":1}}
,"/home/acathey/devel/mycode/js/by-engine/node/unnamedIteratorLibrary/src/main/iterators/operations/async/iteratorReduceAsync.ts": {"path":"/home/acathey/devel/mycode/js/by-engine/node/unnamedIteratorLibrary/src/main/iterators/operations/async/iteratorReduceAsync.ts","all":false,"statementMap":{"0":{"start":{"line":1,"column":0},"end":{"line":1,"column":49}},"2":{"start":{"line":3,"column":0},"end":{"line":3,"column":106}},"3":{"start":{"line":4,"column":0},"end":{"line":4,"column":48}},"4":{"start":{"line":5,"column":0},"end":{"line":5,"column":68}},"5":{"start":{"line":6,"column":0},"end":{"line":6,"column":33}},"6":{"start":{"line":7,"column":0},"end":{"line":7,"column":3}},"7":{"start":{"line":8,"column":0},"end":{"line":8,"column":16}},"9":{"start":{"line":10,"column":0},"end":{"line":10,"column":121}},"10":{"start":{"line":11,"column":0},"end":{"line":11,"column":77}},"11":{"start":{"line":12,"column":0},"end":{"line":12,"column":42}},"13":{"start":{"line":14,"column":0},"end":{"line":14,"column":21}},"14":{"start":{"line":15,"column":0},"end":{"line":15,"column":27}},"15":{"start":{"line":16,"column":0},"end":{"line":16,"column":23}},"16":{"start":{"line":17,"column":0},"end":{"line":17,"column":69}},"19":{"start":{"line":20,"column":0},"end":{"line":20,"column":85}},"21":{"start":{"line":22,"column":0},"end":{"line":22,"column":111}},"22":{"start":{"line":23,"column":0},"end":{"line":23,"column":82}},"23":{"start":{"line":24,"column":0},"end":{"line":24,"column":3}},"25":{"start":{"line":26,"column":0},"end":{"line":26,"column":21}},"26":{"start":{"line":27,"column":0},"end":{"line":27,"column":1}}},"s":{"0":1,"2":1,"3":1,"4":1,"5":1,"6":1,"7":1,"9":1,"10":0,"11":1,"13":1,"14":1,"15":0,"16":1,"19":1,"21":1,"22":9,"23":9,"25":1,"26":1},"branchMap":{"0":{"type":"branch","line":3,"loc":{"start":{"line":3,"column":0},"end":{"line":27,"column":1}},"locations":[{"start":{"line":3,"column":0},"end":{"line":27,"column":1}}]},"1":{"type":"branch","line":15,"loc":{"start":{"line":15,"column":26},"end":{"line":16,"column":23}},"locations":[{"start":{"line":15,"column":26},"end":{"line":16,"column":23}}]},"2":{"type":"branch","line":22,"loc":{"start":{"line":22,"column":107},"end":{"line":24,"column":3}},"locations":[{"start":{"line":22,"column":107},"end":{"line":24,"column":3}}]},"3":{"type":"branch","line":10,"loc":{"start":{"line":10,"column":46},"end":{"line":12,"column":42}},"locations":[{"start":{"line":10,"column":46},"end":{"line":12,"column":42}}]},"4":{"type":"branch","line":10,"loc":{"start":{"line":10,"column":117},"end":{"line":11,"column":77}},"locations":[{"start":{"line":10,"column":117},"end":{"line":11,"column":77}}]}},"b":{"0":[1],"1":[0],"2":[9],"3":[1],"4":[0]},"fnMap":{"0":{"name":"iteratorReduceAsync","decl":{"start":{"line":3,"column":0},"end":{"line":27,"column":1}},"loc":{"start":{"line":3,"column":0},"end":{"line":27,"column":1}},"line":3},"1":{"name":"setInitialValueToNextItemInIterator","decl":{"start":{"line":10,"column":46},"end":{"line":12,"column":42}},"loc":{"start":{"line":10,"column":46},"end":{"line":12,"column":42}},"line":10}},"f":{"0":1,"1":1}}
,"/home/acathey/devel/mycode/js/by-engine/node/unnamedIteratorLibrary/src/main/iterators/operations/sync/iteratorChain.ts": {"path":"/home/acathey/devel/mycode/js/by-engine/node/unnamedIteratorLibrary/src/main/iterators/operations/sync/iteratorChain.ts","all":false,"statementMap":{"0":{"start":{"line":1,"column":0},"end":{"line":1,"column":57}},"2":{"start":{"line":3,"column":0},"end":{"line":3,"column":76}},"3":{"start":{"line":4,"column":0},"end":{"line":4,"column":92}},"4":{"start":{"line":5,"column":0},"end":{"line":5,"column":3}},"5":{"start":{"line":6,"column":0},"end":{"line":6,"column":30}},"6":{"start":{"line":7,"column":0},"end":{"line":7,"column":26}},"7":{"start":{"line":8,"column":0},"end":{"line":8,"column":3}},"8":{"start":{"line":9,"column":0},"end":{"line":9,"column":1}}},"s":{"0":1,"2":1,"3":1,"4":1,"5":1,"6":3,"7":3,"8":1},"branchMap":{"0":{"type":"branch","line":3,"loc":{"start":{"line":3,"column":0},"end":{"line":9,"column":1}},"locations":[{"start":{"line":3,"column":0},"end":{"line":9,"column":1}}]},"1":{"type":"branch","line":6,"loc":{"start":{"line":6,"column":29},"end":{"line":8,"column":3}},"locations":[{"start":{"line":6,"column":29},"end":{"line":8,"column":3}}]}},"b":{"0":[1],"1":[3]},"fnMap":{"0":{"name":"iteratorChain","decl":{"start":{"line":3,"column":0},"end":{"line":9,"column":1}},"loc":{"start":{"line":3,"column":0},"end":{"line":9,"column":1}},"line":3}},"f":{"0":1}}
,"/home/acathey/devel/mycode/js/by-engine/node/unnamedIteratorLibrary/src/main/iterators/operations/sync/iteratorFilter.ts": {"path":"/home/acathey/devel/mycode/js/by-engine/node/unnamedIteratorLibrary/src/main/iterators/operations/sync/iteratorFilter.ts","all":false,"statementMap":{"0":{"start":{"line":1,"column":0},"end":{"line":1,"column":67}},"2":{"start":{"line":3,"column":0},"end":{"line":3,"column":77}},"3":{"start":{"line":4,"column":0},"end":{"line":4,"column":43}},"4":{"start":{"line":5,"column":0},"end":{"line":5,"column":58}},"5":{"start":{"line":6,"column":0},"end":{"line":6,"column":21}},"6":{"start":{"line":7,"column":0},"end":{"line":7,"column":3}},"7":{"start":{"line":8,"column":0},"end":{"line":8,"column":47}},"8":{"start":{"line":9,"column":0},"end":{"line":9,"column":112}},"9":{"start":{"line":10,"column":0},"end":{"line":10,"column":55}},"10":{"start":{"line":11,"column":0},"end":{"line":11,"column":27}},"11":{"start":{"line":12,"column":0},"end":{"line":12,"column":5}},"12":{"start":{"line":13,"column":0},"end":{"line":13,"column":3}},"13":{"start":{"line":14,"column":0},"end":{"line":14,"column":1}}},"s":{"0":1,"2":1,"3":1,"4":1,"5":1,"6":1,"7":1,"8":1,"9":10,"10":5,"11":5,"12":10,"13":1},"branchMap":{"0":{"type":"branch","line":3,"loc":{"start":{"line":3,"column":0},"end":{"line":14,"column":1}},"locations":[{"start":{"line":3,"column":0},"end":{"line":14,"column":1}}]},"1":{"type":"branch","line":9,"loc":{"start":{"line":9,"column":111},"end":{"line":13,"column":3}},"locations":[{"start":{"line":9,"column":111},"end":{"line":13,"column":3}}]},"2":{"type":"branch","line":10,"loc":{"start":{"line":10,"column":54},"end":{"line":12,"column":5}},"locations":[{"start":{"line":10,"column":54},"end":{"line":12,"column":5}}]}},"b":{"0":[1],"1":[10],"2":[5]},"fnMap":{"0":{"name":"iteratorFilter","decl":{"start":{"line":3,"column":0},"end":{"line":14,"column":1}},"loc":{"start":{"line":3,"column":0},"end":{"line":14,"column":1}},"line":3}},"f":{"0":1}}
,"/home/acathey/devel/mycode/js/by-engine/node/unnamedIteratorLibrary/src/main/iterators/operations/sync/iteratorForEach.ts": {"path":"/home/acathey/devel/mycode/js/by-engine/node/unnamedIteratorLibrary/src/main/iterators/operations/sync/iteratorForEach.ts","all":false,"statementMap":{"0":{"start":{"line":1,"column":0},"end":{"line":1,"column":62}},"2":{"start":{"line":3,"column":0},"end":{"line":3,"column":77}},"3":{"start":{"line":4,"column":0},"end":{"line":4,"column":43}},"4":{"start":{"line":5,"column":0},"end":{"line":5,"column":55}},"5":{"start":{"line":6,"column":0},"end":{"line":6,"column":21}},"6":{"start":{"line":7,"column":0},"end":{"line":7,"column":3}},"7":{"start":{"line":8,"column":0},"end":{"line":8,"column":47}},"8":{"start":{"line":9,"column":0},"end":{"line":9,"column":110}},"9":{"start":{"line":10,"column":0},"end":{"line":10,"column":49}},"10":{"start":{"line":11,"column":0},"end":{"line":11,"column":3}},"11":{"start":{"line":12,"column":0},"end":{"line":12,"column":1}}},"s":{"0":1,"2":1,"3":1,"4":1,"5":1,"6":1,"7":1,"8":1,"9":10,"10":10,"11":1},"branchMap":{"0":{"type":"branch","line":3,"loc":{"start":{"line":3,"column":0},"end":{"line":12,"column":1}},"locations":[{"start":{"line":3,"column":0},"end":{"line":12,"column":1}}]},"1":{"type":"branch","line":9,"loc":{"start":{"line":9,"column":109},"end":{"line":11,"column":3}},"locations":[{"start":{"line":9,"column":109},"end":{"line":11,"column":3}}]}},"b":{"0":[1],"1":[10]},"fnMap":{"0":{"name":"iteratorForEach","decl":{"start":{"line":3,"column":0},"end":{"line":12,"column":1}},"loc":{"start":{"line":3,"column":0},"end":{"line":12,"column":1}},"line":3}},"f":{"0":1}}
,"/home/acathey/devel/mycode/js/by-engine/node/unnamedIteratorLibrary/src/main/iterators/operations/sync/iteratorMap.ts": {"path":"/home/acathey/devel/mycode/js/by-engine/node/unnamedIteratorLibrary/src/main/iterators/operations/sync/iteratorMap.ts","all":false,"statementMap":{"0":{"start":{"line":1,"column":0},"end":{"line":1,"column":62}},"2":{"start":{"line":3,"column":0},"end":{"line":3,"column":83}},"3":{"start":{"line":4,"column":0},"end":{"line":4,"column":43}},"4":{"start":{"line":5,"column":0},"end":{"line":5,"column":58}},"5":{"start":{"line":6,"column":0},"end":{"line":6,"column":21}},"6":{"start":{"line":7,"column":0},"end":{"line":7,"column":3}},"7":{"start":{"line":8,"column":0},"end":{"line":8,"column":47}},"8":{"start":{"line":9,"column":0},"end":{"line":9,"column":112}},"9":{"start":{"line":10,"column":0},"end":{"line":10,"column":55}},"10":{"start":{"line":11,"column":0},"end":{"line":11,"column":3}},"11":{"start":{"line":12,"column":0},"end":{"line":12,"column":1}}},"s":{"0":1,"2":1,"3":1,"4":1,"5":1,"6":1,"7":1,"8":1,"9":10,"10":10,"11":1},"branchMap":{"0":{"type":"branch","line":3,"loc":{"start":{"line":3,"column":0},"end":{"line":12,"column":1}},"locations":[{"start":{"line":3,"column":0},"end":{"line":12,"column":1}}]},"1":{"type":"branch","line":9,"loc":{"start":{"line":9,"column":111},"end":{"line":11,"column":3}},"locations":[{"start":{"line":9,"column":111},"end":{"line":11,"column":3}}]}},"b":{"0":[1],"1":[10]},"fnMap":{"0":{"name":"iteratorMap","decl":{"start":{"line":3,"column":0},"end":{"line":12,"column":1}},"loc":{"start":{"line":3,"column":0},"end":{"line":12,"column":1}},"line":3}},"f":{"0":1}}
,"/home/acathey/devel/mycode/js/by-engine/node/unnamedIteratorLibrary/src/main/iterators/operations/sync/iteratorReduce.ts": {"path":"/home/acathey/devel/mycode/js/by-engine/node/unnamedIteratorLibrary/src/main/iterators/operations/sync/iteratorReduce.ts","all":false,"statementMap":{"0":{"start":{"line":1,"column":0},"end":{"line":1,"column":49}},"2":{"start":{"line":3,"column":0},"end":{"line":3,"column":85}},"3":{"start":{"line":4,"column":0},"end":{"line":4,"column":43}},"4":{"start":{"line":5,"column":0},"end":{"line":5,"column":63}},"5":{"start":{"line":6,"column":0},"end":{"line":6,"column":33}},"6":{"start":{"line":7,"column":0},"end":{"line":7,"column":3}},"7":{"start":{"line":8,"column":0},"end":{"line":8,"column":16}},"9":{"start":{"line":10,"column":0},"end":{"line":10,"column":121}},"10":{"start":{"line":11,"column":0},"end":{"line":11,"column":77}},"11":{"start":{"line":12,"column":0},"end":{"line":12,"column":42}},"13":{"start":{"line":14,"column":0},"end":{"line":14,"column":21}},"14":{"start":{"line":15,"column":0},"end":{"line":15,"column":27}},"15":{"start":{"line":16,"column":0},"end":{"line":16,"column":23}},"16":{"start":{"line":17,"column":0},"end":{"line":17,"column":63}},"19":{"start":{"line":20,"column":0},"end":{"line":20,"column":85}},"21":{"start":{"line":22,"column":0},"end":{"line":22,"column":99}},"22":{"start":{"line":23,"column":0},"end":{"line":23,"column":76}},"23":{"start":{"line":24,"column":0},"end":{"line":24,"column":3}},"25":{"start":{"line":26,"column":0},"end":{"line":26,"column":21}},"26":{"start":{"line":27,"column":0},"end":{"line":27,"column":1}}},"s":{"0":1,"2":1,"3":1,"4":1,"5":1,"6":1,"7":1,"9":1,"10":0,"11":1,"13":1,"14":1,"15":0,"16":1,"19":1,"21":1,"22":9,"23":9,"25":1,"26":1},"branchMap":{"0":{"type":"branch","line":3,"loc":{"start":{"line":3,"column":0},"end":{"line":27,"column":1}},"locations":[{"start":{"line":3,"column":0},"end":{"line":27,"column":1}}]},"1":{"type":"branch","line":15,"loc":{"start":{"line":15,"column":26},"end":{"line":16,"column":23}},"locations":[{"start":{"line":15,"column":26},"end":{"line":16,"column":23}}]},"2":{"type":"branch","line":22,"loc":{"start":{"line":22,"column":98},"end":{"line":24,"column":3}},"locations":[{"start":{"line":22,"column":98},"end":{"line":24,"column":3}}]},"3":{"type":"branch","line":10,"loc":{"start":{"line":10,"column":46},"end":{"line":12,"column":42}},"locations":[{"start":{
[...]
:12,"column":0},"end":{"line":12,"column":3}},"13":{"start":{"line":14,"column":0},"end":{"line":14,"column":15}},"14":{"start":{"line":15,"column":0},"end":{"line":15,"column":63}},"15":{"start":{"line":16,"column":0},"end":{"line":16,"column":3}},"17":{"start":{"line":18,"column":0},"end":{"line":18,"column":14}},"18":{"start":{"line":19,"column":0},"end":{"line":19,"column":26}},"19":{"start":{"line":20,"column":0},"end":{"line":20,"column":3}},"21":{"start":{"line":22,"column":0},"end":{"line":22,"column":37}},"22":{"start":{"line":23,"column":0},"end":{"line":23,"column":40}},"23":{"start":{"line":24,"column":0},"end":{"line":24,"column":3}},"25":{"start":{"line":26,"column":0},"end":{"line":26,"column":41}},"26":{"start":{"line":27,"column":0},"end":{"line":27,"column":65}},"27":{"start":{"line":28,"column":0},"end":{"line":28,"column":3}},"29":{"start":{"line":30,"column":0},"end":{"line":30,"column":36}},"30":{"start":{"line":31,"column":0},"end":{"line":31,"column":64}},"31":{"start":{"line":32,"column":0},"end":{"line":32,"column":3}},"32":{"start":{"line":33,"column":0},"end":{"line":33,"column":1}},"34":{"start":{"line":35,"column":0},"end":{"line":35,"column":69}},"35":{"start":{"line":36,"column":0},"end":{"line":36,"column":75}},"36":{"start":{"line":37,"column":0},"end":{"line":37,"column":3}},"37":{"start":{"line":38,"column":0},"end":{"line":38,"column":69}},"38":{"start":{"line":39,"column":0},"end":{"line":39,"column":1}}},"s":{"0":1,"6":1,"9":1,"10":7,"11":7,"13":1,"14":7,"15":7,"17":1,"18":0,"19":0,"21":1,"22":46,"23":46,"25":1,"26":0,"27":0,"29":1,"30":0,"31":0,"32":1,"34":1,"35":7,"36":7,"37":7,"38":7},"branchMap":{"0":{"type":"branch","line":10,"loc":{"start":{"line":10,"column":2},"end":{"line":12,"column":3}},"locations":[{"start":{"line":10,"column":2},"end":{"line":12,"column":3}}]},"1":{"type":"branch","line":14,"loc":{"start":{"line":14,"column":2},"end":{"line":16,"column":3}},"locations":[{"start":{"line":14,"column":2},"end":{"line":16,"column":3}}]},"2":{"type":"branch","line":22,"loc":{"start":{"line":22,"column":2},"end":{"line":24,"column":3}},"locations":[{"start":{"line":22,"column":2},"end":{"line":24,"column":3}}]},"3":{"type":"branch","line":35,"loc":{"start":{"line":35,"column":7},"end":{"line":39,"column":1}},"locations":[{"start":{"line":35,"column":7},"end":{"line":39,"column":1}}]}},"b":{"0":[7],"1":[7],"2":[46],"3":[7]},"fnMap":{"0":{"name":"AsAsyncIterator","decl":{"start":{"line":10,"column":2},"end":{"line":12,"column":3}},"loc":{"start":{"line":10,"column":2},"end":{"line":12,"column":3}},"line":10},"1":{"name":"asAwaited","decl":{"start":{"line":14,"column":2},"end":{"line":16,"column":3}},"loc":{"start":{"line":14,"column":2},"end":{"line":16,"column":3}},"line":14},"2":{"name":"iterator","decl":{"start":{"line":18,"column":2},"end":{"line":20,"column":3}},"loc":{"start":{"line":18,"column":2},"end":{"line":20,"column":3}},"line":18},"3":{"name":"next","decl":{"start":{"line":22,"column":2},"end":{"line":24,"column":3}},"loc":{"start":{"line":22,"column":2},"end":{"line":24,"column":3}},"line":22},"4":{"name":"return","decl":{"start":{"line":26,"column":2},"end":{"line":28,"column":3}},"loc":{"start":{"line":26,"column":2},"end":{"line":28,"column":3}},"line":26},"5":{"name":"throw","decl":{"start":{"line":30,"column":2},"end":{"line":32,"column":3}},"loc":{"start":{"line":30,"column":2},"end":{"line":32,"column":3}},"line":30},"6":{"name":"asAsyncIterator","decl":{"start":{"line":35,"column":7},"end":{"line":39,"column":1}},"loc":{"start":{"line":35,"column":7},"end":{"line":39,"column":1}},"line":35}},"f":{"0":7,"1":7,"2":0,"3":46,"4":0,"5":0,"6":7}}
,"/home/acathey/devel/mycode/js/by-engine/node/unnamedIteratorLibrary/src/main/util/convert/toGenerator.ts": {"path":"/home/acathey/devel/mycode/js/by-engine/node/unnamedIteratorLibrary/src/main/util/convert/toGenerator.ts","all":false,"statementMap":{"0":{"start":{"line":1,"column":0},"end":{"line":1,"column":65}},"3":{"start":{"line":4,"column":0},"end":{"line":4,"column":105}},"4":{"start":{"line":5,"column":0},"end":{"line":5,"column":17}},"5":{"start":{"line":6,"column":0},"end":{"line":6,"column":43}},"6":{"start":{"line":7,"column":0},"end":{"line":7,"column":15}},"7":{"start":{"line":8,"column":0},"end":{"line":8,"column":42}},"8":{"start":{"line":9,"column":0},"end":{"line":9,"column":68}},"9":{"start":{"line":10,"column":0},"end":{"line":10,"column":12}},"10":{"start":{"line":11,"column":0},"end":{"line":11,"column":24}},"11":{"start":{"line":12,"column":0},"end":{"line":12,"column":3}},"12":{"start":{"line":13,"column":0},"end":{"line":13,"column":1}},"14":{"start":{"line":15,"column":0},"end":{"line":15,"column":45}},"15":{"start":{"line":16,"column":0},"end":{"line":16,"column":33}},"16":{"start":{"line":17,"column":0},"end":{"line":17,"column":16}},"17":{"start":{"line":18,"column":0},"end":{"line":18,"column":3}},"18":{"start":{"line":19,"column":0},"end":{"line":19,"column":1}}},"s":{"0":1,"3":1,"4":6,"5":6,"6":1,"7":6,"8":4,"9":6,"10":1,"11":6,"12":6,"14":5,"15":5,"16":30,"17":30,"18":3},"branchMap":{"0":{"type":"branch","line":4,"loc":{"start":{"line":4,"column":7},"end":{"line":13,"column":1}},"locations":[{"start":{"line":4,"column":7},"end":{"line":13,"column":1}}]},"1":{"type":"branch","line":6,"loc":{"start":{"line":6,"column":4},"end":{"line":7,"column":15}},"locations":[{"start":{"line":6,"column":4},"end":{"line":7,"column":15}}]},"2":{"type":"branch","line":8,"loc":{"start":{"line":8,"column":4},"end":{"line":9,"column":68}},"locations":[{"start":{"line":8,"column":4},"end":{"line":9,"column":68}}]},"3":{"type":"branch","line":10,"loc":{"start":{"line":10,"column":4},"end":{"line":11,"column":24}},"locations":[{"start":{"line":10,"column":4},"end":{"line":11,"column":24}}]},"4":{"type":"branch","line":9,"loc":{"start":{"line":9,"column":42},"end":{"line":9,"column":65}},"locations":[{"start":{"line":9,"column":42},"end":{"line":9,"column":65}}]},"5":{"type":"branch","line":15,"loc":{"start":{"line":15,"column":0},"end":{"line":19,"column":1}},"locations":[{"start":{"line":15,"column":0},"end":{"line":19,"column":1}}]},"6":{"type":"branch","line":16,"loc":{"start":{"line":16,"column":32},"end":{"line":19,"column":1}},"locations":[{"start":{"line":16,"column":32},"end":{"line":19,"column":1}}]},"7":{"type":"branch","line":16,"loc":{"start":{"line":16,"column":32},"end":{"line":18,"column":3}},"locations":[{"start":{"line":16,"column":32},"end":{"line":18,"column":3}}]}},"b":{"0":[6],"1":[1],"2":[4],"3":[1],"4":[3],"5":[5],"6":[3],"7":[30]},"fnMap":{"0":{"name":"toGenerator","decl":{"start":{"line":4,"column":7},"end":{"line":13,"column":1}},"loc":{"start":{"line":4,"column":7},"end":{"line":13,"column":1}},"line":4},"1":{"name":"exhaust","decl":{"start":{"line":9,"column":42},"end":{"line":9,"column":65}},"loc":{"start":{"line":9,"column":42},"end":{"line":9,"column":65}},"line":9},"2":{"name":"exhaust","decl":{"start":{"line":15,"column":0},"end":{"line":19,"column":1}},"loc":{"start":{"line":15,"column":0},"end":{"line":19,"column":1}},"line":15}},"f":{"0":6,"1":3,"2":5}}
,"/home/acathey/devel/mycode/js/by-engine/node/unnamedIteratorLibrary/src/main/util/convert/toIterator.ts": {"path":"/home/acathey/devel/mycode/js/by-engine/node/unnamedIteratorLibrary/src/main/util/convert/toIterator.ts","all":false,"statementMap":{"0":{"start":{"line":1,"column":0},"end":{"line":1,"column":65}},"4":{"start":{"line":5,"column":0},"end":{"line":5,"column":74}},"5":{"start":{"line":6,"column":0},"end":{"line":6,"column":57}},"6":{"start":{"line":7,"column":0},"end":{"line":7,"column":3}},"7":{"start":{"line":8,"column":0},"end":{"line":8,"column":10}},"8":{"start":{"line":9,"column":0},"end":{"line":9,"column":79}},"10":{"start":{"line":11,"column":0},"end":{"line":11,"column":1}}},"s":{"0":1,"4":1,"5":34,"6":34,"7":34,"8":34,"10":34},"branchMap":{"0":{"type":"branch","line":5,"loc":{"start":{"line":5,"column":7},"end":{"line":11,"column":1}},"locations":[{"start":{"line":5,"column":7},"end":{"line":11,"column":1}}]},"1":{"type":"branch","line":9,"loc":{"start":{"line":9,"column":17},"end":{"line":9,"column":38}},"locations":[{"start":{"line":9,"column":17},"end":{"line":9,"column":38}}]},"2":{"type":"branch","line":9,"loc":{"start":{"line":9,"column":34},"end":{"line":9,"column":43}},"locations":[{"start":{"line":9,"column":34},"end":{"line":9,"column":43}}]},"3":{"type":"branch","line":9,"loc":{"start":{"line":9,"column":38},"end":{"line":9,"column":79}},"locations":[{"start":{"line":9,"column":38},"end":{"line":9,"column":79}}]}},"b":{"0":[34],"1":[29],"2":[29],"3":[5]},"fnMap":{"0":{"name":"toIterator","decl":{"start":{"line":5,"column":7},"end":{"line":11,"column":1}},"loc":{"start":{"line":5,"column":7},"end":{"line":11,"column":1}},"line":5}},"f":{"0":34}}
,"/home/acathey/devel/mycode/js/by-engine/node/unnamedIteratorLibrary/src/main/util/types/runtime/checks.ts": {"path":"/home/acathey/devel/mycode/js/by-engine/node/unnamedIteratorLibrary/src/main/util/types/runtime/checks.ts","all":false,"statementMap":{"0":{"start":{"line":1,"column":0},"end":{"line":1,"column":30}},"2":{"start":{"line":3,"column":0},"end":{"line":3,"column":40}},"3":{"start":{"line":4,"column":0},"end":{"line":4,"column":44}},"4":{"start":{"line":5,"column":0},"end":{"line":5,"column":1}},"6":{"start":{"line":7,"column":0},"end":{"line":7,"column":36}},"7":{"start":{"line":8,"column":0},"end":{"line":8,"column":59}},"8":{"start":{"line":9,"column":0},"end":{"line":9,"column":1}},"10":{"start":{"line":11,"column":0},"end":{"line":11,"column":36}},"11":{"start":{"line":12,"column":0},"end":{"line":12,"column":71}},"12":{"start":{"line":13,"column":0},"end":{"line":13,"column":1}},"14":{"start":{"line":15,"column":0},"end":{"line":15,"column":37}},"15":{"start":{"line":16,"column":0},"end":{"line":16,"column":35}},"16":{"start":{"line":17,"column":0},"end":{"line":17,"column":1}},"18":{"start":{"line":19,"column":0},"end":{"line":19,"column":42}},"19":{"start":{"line":20,"column":0},"end":{"line":20,"column":40}},"20":{"start":{"line":21,"column":0},"end":{"line":21,"column":1}},"22":{"start":{"line":23,"column":0},"end":{"line":23,"column":35}},"23":{"start":{"line":24,"column":0},"end":{"line":24,"column":33}},"24":{"start":{"line":25,"column":0},"end":{"line":25,"column":1}}},"s":{"0":1,"2":1,"3":66,"4":66,"6":1,"7":44,"8":44,"10":1,"11":5,"12":5,"14":1,"15":53,"16":53,"18":1,"19":1,"20":1,"22":1,"23":15,"24":15},"branchMap":{"0":{"type":"branch","line":3,"loc":{"start":{"line":3,"column":7},"end":{"line":5,"column":1}},"locations":[{"start":{"line":3,"column":7},"end":{"line":5,"column":1}}]},"1":{"type":"branch","line":4,"loc":{"start":{"line":4,"column":14},"end":{"line":4,"column":44}},"locations":[{"start":{"line":4,"column":14},"end":{"line":4,"column":44}}]},"2":{"type":"branch","line":7,"loc":{"start":{"line":7,"column":7},"end":{"line":9,"column":1}},"locations":[{"start":{"line":7,"column":7},"end":{"line":9,"column":1}}]},"3":{"type":"branch","line":11,"loc":{"start":{"line":11,"column":7},"end":{"line":13,"column":1}},"locations":[{"start":{"line":11,"column":7},"end":{"line":13,"column":1}}]},"4":{"type":"branch","line":15,"loc":{"start":{"line":15,"column":7},"end":{"line":17,"column":1}},"locations":[{"start":{"line":15,"column":7},"end":{"line":17,"column":1}}]},"5":{"type":"branch","line":19,"loc":{"start":{"line":19,"column":7},"end":{"line":21,"column":1}},"locations":[{"start":{"line":19,"column":7},"end":{"line":21,"column":1}}]},"6":{"type":"branch","line":23,"loc":{"start":{"line":23,"column":7},"end":{"line":25,"column":1}},"locations":[{"start":{"line":23,"column":7},"end":{"line":25,"column":1}}]}},"b":{"0":[66],"1":[64],"2":[44],"3":[5],"4":[53],"5":[1],"6":[15]},"fnMap":{"0":{"name":"isActualObject","decl":{"start":{"line":3,"column":7},"end":{"line":5,"column":1}},"loc":{"start":{"line":3,"column":7},"end":{"line":5,"column":1}},"line":3},"1":{"name":"isIterator","decl":{"start":{"line":7,"column":7},"end":{"line":9,"column":1}},"loc":{"start":{"line":7,"column":7},"end":{"line":9,"column":1}},"line":7},"2":{"name":"isIterable","decl":{"start":{"line":11,"column":7},"end":{"line":13,"column":1}},"loc":{"start":{"line":11,"column":7},"end":{"line":13,"column":1}},"line":11},"3":{"name":"isGenerator","decl":{"start":{"line":15,"column":7},"end":{"line":17,"column":1}},"loc":{"start":{"line":15,"column":7},"end":{"line":17,"column":1}},"line":15},"4":{"name":"isAsyncGenerator","decl":{"start":{"line":19,"column":7},"end":{"line":21,"column":1}},"loc":{"start":{"line":19,"column":7},"end":{"line":21,"column":1}},"line":19},"5":{"name":"isPromise","decl":{"start":{"line":23,"column":7},"end":{"line":25,"column":1}},"loc":{"start":{"line":23,"column":7},"end":{"line":25,"column":1}},"line":23}},"f":{"0":66,"1":44,"2":5,"3":53,"4":1,"5":15}}
,"/home/acathey/devel/mycode/js/by-engine/node/unnamedIteratorLibrary/src/main/util/types/runtime/guards.ts": {"path":"/home/acathey/devel/mycode/js/by-engine/node/unnamedIteratorLibrary/src/main/util/types/runtime/guards.ts","all":false,"statementMap":{"0":{"start":{"line":1,"column":0},"end":{"line":1,"column":35}},"2":{"start":{"line":3,"column":0},"end":{"line":3,"column":53}},"3":{"start":{"line":4,"column":0},"end":{"line":4,"column":34}},"4":{"start":{"line":5,"column":0},"end":{"line":5,"column":1}},"9":{"start":{"line":10,"column":0},"end":{"line":10,"column":100}},"10":{"start":{"line":11,"column":0},"end":{"line":11,"column":37}},"11":{"start":{"line":12,"column":0},"end":{"line":12,"column":1}},"13":{"start":{"line":14,"column":0},"end":{"line":14,"column":107}},"14":{"start":{"line":15,"column":0},"end":{"line":15,"column":40}},"15":{"start":{"line":16,"column":0},"end":{"line":16,"column":1}},"17":{"start":{"line":18,"column":0},"end":{"line":18,"column":57}},"18":{"start":{"line":19,"column":0},"end":{"line":19,"column":49}},"19":{"start":{"line":20,"column":0},"end":{"line":20,"column":1}},"21":{"start":{"line":22,"column":0},"end":{"line":22,"column":58}},"22":{"start":{"line":23,"column":0},"end":{"line":23,"column":64}},"23":{"start":{"line":24,"column":0},"end":{"line":24,"column":1}},"25":{"start":{"line":26,"column":0},"end":{"line":26,"column":119}},"26":{"start":{"line":27,"column":0},"end":{"line":27,"column":31}},"27":{"start":{"line":28,"column":0},"end":{"line":28,"column":1}},"29":{"start":{"line":30,"column":0},"end":{"line":30,"column":129}},"30":{"start":{"line":31,"column":0},"end":{"line":31,"column":36}},"31":{"start":{"line":32,"column":0},"end":{"line":32,"column":1}}},"s":{"0":1,"2":1,"3":14,"4":14,"9":1,"10":14,"11":14,"13":1,"14":8,"15":8,"17":1,"18":2,"19":2,"21":10,"22":10,"23":10,"25":1,"26":6,"27":6,"29":1,"30":0,"31":0},"branchMap":{"0":{"type":"branch","line":3,"loc":{"start":{"line":3,"column":7},"end":{"line":5,"column":1}},"locations":[{"start":{"line":3,"column":7},"end":{"line":5,"column":1}}]},"1":{"type":"branch","line":10,"loc":{"start":{"line":10,"column":7},"end":{"line":12,"column":1}},"locations":[{"start":{"line":10,"column":7},"end":{"line":12,"column":1}}]},"2":{"type":"branch","line":14,"loc":{"start":{"line":14,"column":7},"end":{"line":16,"column":1}},"locations":[{"start":{"line":14,"column":7},"end":{"line":16,"column":1}}]},"3":{"type":"branch","line":18,"loc":{"start":{"line":18,"column":7},"end":{"line":20,"column":1}},"locations":[{"start":{"line":18,"column":7},"end":{"line":20,"column":1}}]},"4":{"type":"branch","line":22,"loc":{"start":{"line":22,"column":0},"end":{"line":24,"column":1}},"locations":[{"start":{"line":22,"column":0},"end":{"line":24,"column":1}}]},"5":{"type":"branch","line":23,"loc":{"start":{"line":23,"column":32},"end":{"line":23,"column":64}},"locations":[{"start":{"line":23,"column":32},"end":{"line":23,"column":64}}]},"6":{"type":"branch","line":26,"loc":{"start":{"line":26,"column":7},"end":{"line":28,"column":1}},"locations":[{"start":{"line":26,"column":7},"end":{"line":28,"column":1}}]}},"b":{"0":[14],"1":[14],"2":[8],"3":[2],"4":[10],"5":[8],"6":[6]},"fnMap":{"0":{"name":"isActualObject","decl":{"start":{"line":3,"column":7},"end":{"line":5,"column":1}},"loc":{"start":{"line":3,"column":7},"end":{"line":5,"column":1}},"line":3},"1":{"name":"isActualObjectWith","decl":{"start":{"line":10,"column":7},"end":{"line":12,"column":1}},"loc":{"start":{"line":10,"column":7},"end":{"line":12,"column":1}},"line":10},"2":{"name":"isIterator","decl":{"start":{"line":14,"column":7},"end":{"line":16,"column":1}},"loc":{"start":{"line":14,"column":7},"end":{"line":16,"column":1}},"line":14},"3":{"name":"isIterable","decl":{"start":{"line":18,"column":7},"end":{"line":20,"column":1}},"loc":{"start":{"line":18,"column":7},"end":{"line":20,"column":1}},"line":18},"4":{"name":"isAFunctionProperty","decl":{"start":{"line":22,"column":0},"end":{"line":24,"column":1}},"loc":{"start":{"line":22,"column":0},"end":{"line":24,"column":1}},"line":22},"5":{"name":"isGenerator","decl":{"start":{"line":26,"column":7},"end":{"line":28,"column":1}},"loc":{"start":{"line":26,"column":7},"end":{"line":28,"column":1}},"line":26},"6":{"name":"isAsyncGenerator","decl":{"start":{"line":30,"column":7},"end":{"line":32,"column":1}},"loc":{"start":{"line":30,"column":7},"end":{"line":32,"column":1}},"line":30}},"f":{"0":14,"1":14,"2":8,"3":2,"4":10,"5":6,"6":0}}
,"/home/acathey/devel/mycode/js/by-engine/node/unnamedIteratorLibrary/src/main/util/types/runtime/typeOf.ts": {"path":"/home/acathey/devel/mycode/js/by-engine/node/unnamedIteratorLibrary/src/main/util/types/runtime/typeOf.ts","all":false,"statementMap":{"0":{"start":{"line":1,"column":0},"end":{"line":1,"column":48}},"1":{"start":{"line":2,"column":0},"end":{"line":2,"column":72}},"2":{"start":{"line":3,"column":0},"end":{"line":3,"column":1}}},"s":{"0":105,"1":105,"2":105},"branchMap":{"0":{"type":"branch","line":1,"loc":{"start":{"line":1,"column":0},"end":{"line":3,"column":1}},"locations":[{"start":{"line":1,"column":0},"end":{"line":3,"column":1}}]}},"b":{"0":[105]},"fnMap":{"0":{"name":"typeOf","decl":{"start":{"line":1,"column":0},"end":{"line":3,"column":1}},"loc":{"start":{"line":1,"column":0},"end":{"line":3,"column":1}},"line":1}},"f":{"0":105}}
,"/home/acathey/devel/mycode/js/by-engine/node/unnamedIteratorLibrary/src/main/util/types/static/ThisArg.ts": {"path":"/home/acathey/devel/mycode/js/by-engine/node/unnamedIteratorLibrary/src/main/util/types/static/ThisArg.ts","all":false,"statementMap":{"2":{"start":{"line":3,"column":0},"end":{"line":3,"column":79}},"3":{"start":{"line":4,"column":0},"end":{"line":4,"column":55}},"4":{"start":{"line":5,"column":0},"end":{"line":5,"column":1}}},"s":{"2":1,"3":14,"4":14},"branchMap":{"0":{"type":"branch","line":3,"loc":{"start":{"line":3,"column":7},"end":{"line":5,"column":1}},"locations":[{"start":{"line":3,"column":7},"end":{"line":5,"column":1}}]},"1":{"type":"branch","line":4,"loc":{"start":{"line":4,"column":32},"end":{"line":4,"column":55}},"locations":[{"start":{"line":4,"column":32},"end":{"line":4,"column":55}}]}},"b":{"0":[14],"1":[0]},"fnMap":{"0":{"name":"bindThisArg","decl":{"start":{"line":3,"column":7},"end":{"line":5,"column":1}},"loc":{"start":{"line":3,"column":7},"end":{"line":5,"column":1}},"line":3}},"f":{"0":14}}
,"/home/acathey/devel/mycode/js/by-engine/node/unnamedIteratorLibrary/src/main/util/types/static/tupleTypes.ts": {"path":"/home/acathey/devel/mycode/js/by-engine/node/unnamedIteratorLibrary/src/main/util/types/static/tupleTypes.ts","all":true,"statementMap":{},"s":{},"branchMap":{"0":{"type":"branch","line":1,"loc":{"start":{"line":1,"column":178},"end":{"line":2,"column":88}},"locations":[{"start":{"line":1,"column":178},"end":{"line":2,"column":88}}]}},"b":{"0":[1]},"fnMap":{"0":{"name":"(empty-report)","decl":{"start":{"line":1,"column":178},"end":{"line":2,"column":88}},"loc":{"start":{"line":1,"column":178},"end":{"line":2,"column":88}},"line":1}},"f":{"0":1}}
}
